
*** Running vivado
    with args -log vio_0.vds -m64 -product Vivado -mode batch -messageDb vivado.pb -notrace -source vio_0.tcl


****** Vivado v2018.1 (64-bit)
  **** SW Build 2188600 on Wed Apr  4 18:40:38 MDT 2018
  **** IP Build 2185939 on Wed Apr  4 20:55:05 MDT 2018
    ** Copyright 1986-2018 Xilinx, Inc. All Rights Reserved.

source vio_0.tcl -notrace
create_project: Time (s): cpu = 00:00:03 ; elapsed = 00:00:06 . Memory (MB): peak = 257.148 ; gain = 25.016
Command: synth_design -top vio_0 -part xc7a35ticsg324-1L -mode out_of_context
Starting synth_design
Attempting to get a license for feature 'Synthesis' and/or device 'xc7a35ti'
INFO: [Common 17-349] Got license for feature 'Synthesis' and/or device 'xc7a35ti'
INFO: Launching helper process for spawning children vivado processes
INFO: Helper process launched with PID 13936 
---------------------------------------------------------------------------------
Starting RTL Elaboration : Time (s): cpu = 00:00:37 ; elapsed = 00:00:50 . Memory (MB): peak = 404.984 ; gain = 102.293
---------------------------------------------------------------------------------
INFO: [Synth 8-6157] synthesizing module 'vio_0' [c:/Proyectos/DES/DES.srcs/sources_1/ip/vio_0/synth/vio_0.v:59]
WARNING: [Synth 8-3848] Net sl_iport0 in module/entity vio_0 does not have driver. [c:/Proyectos/DES/DES.srcs/sources_1/ip/vio_0/synth/vio_0.v:261]
INFO: [Synth 8-6155] done synthesizing module 'vio_0' (8#1) [c:/Proyectos/DES/DES.srcs/sources_1/ip/vio_0/synth/vio_0.v:59]
WARNING: [Synth 8-3331] design vio_v3_0_18_probe_out_one__parameterized0 has unconnected port Bus_rst
WARNING: [Synth 8-3331] design vio_v3_0_18_probe_out_one__parameterized0 has unconnected port Read
WARNING: [Synth 8-3331] design vio_v3_0_18_probe_out_one__parameterized0 has unconnected port Bus_Data_in[15]
WARNING: [Synth 8-3331] design vio_v3_0_18_probe_out_one__parameterized0 has unconnected port Bus_Data_in[14]
WARNING: [Synth 8-3331] design vio_v3_0_18_probe_out_one__parameterized0 has unconnected port Bus_Data_in[13]
WARNING: [Synth 8-3331] design vio_v3_0_18_probe_out_one__parameterized0 has unconnected port Bus_Data_in[12]
WARNING: [Synth 8-3331] design vio_v3_0_18_probe_out_one__parameterized0 has unconnected port Bus_Data_in[11]
WARNING: [Synth 8-3331] design vio_v3_0_18_probe_out_one__parameterized0 has unconnected port Bus_Data_in[10]
WARNING: [Synth 8-3331] design vio_v3_0_18_probe_out_one__parameterized0 has unconnected port Bus_Data_in[9]
WARNING: [Synth 8-3331] design vio_v3_0_18_probe_out_one__parameterized0 has unconnected port Bus_Data_in[8]
WARNING: [Synth 8-3331] design vio_v3_0_18_probe_out_one__parameterized0 has unconnected port Bus_Data_in[7]
WARNING: [Synth 8-3331] design vio_v3_0_18_probe_out_one__parameterized0 has unconnected port Bus_Data_in[6]
WARNING: [Synth 8-3331] design vio_v3_0_18_probe_out_one__parameterized0 has unconnected port Bus_Data_in[5]
WARNING: [Synth 8-3331] design vio_v3_0_18_probe_out_one__parameterized0 has unconnected port Bus_Data_in[4]
WARNING: [Synth 8-3331] design vio_v3_0_18_probe_out_one__parameterized0 has unconnected port Bus_Data_in[3]
WARNING: [Synth 8-3331] design vio_v3_0_18_probe_out_one__parameterized0 has unconnected port Bus_Data_in[2]
WARNING: [Synth 8-3331] design vio_v3_0_18_probe_out_one__parameterized0 has unconnected port Bus_Data_in[1]
WARNING: [Synth 8-3331] design vio_v3_0_18_probe_out_one__parameterized0 has unconnected port Internal_cnt_rst
WARNING: [Synth 8-3331] design vio_v3_0_18_probe_out_one has unconnected port Bus_rst
WARNING: [Synth 8-3331] design vio_v3_0_18_vio has unconnected port probe_in64[0]
WARNING: [Synth 8-3331] design vio_v3_0_18_vio has unconnected port probe_in65[0]
WARNING: [Synth 8-3331] design vio_v3_0_18_vio has unconnected port probe_in66[0]
WARNING: [Synth 8-3331] design vio_v3_0_18_vio has unconnected port probe_in67[0]
WARNING: [Synth 8-3331] design vio_v3_0_18_vio has unconnected port probe_in68[0]
WARNING: [Synth 8-3331] design vio_v3_0_18_vio has unconnected port probe_in69[0]
WARNING: [Synth 8-3331] design vio_v3_0_18_vio has unconnected port probe_in70[0]
WARNING: [Synth 8-3331] design vio_v3_0_18_vio has unconnected port probe_in71[0]
WARNING: [Synth 8-3331] design vio_v3_0_18_vio has unconnected port probe_in72[0]
WARNING: [Synth 8-3331] design vio_v3_0_18_vio has unconnected port probe_in73[0]
WARNING: [Synth 8-3331] design vio_v3_0_18_vio has unconnected port probe_in74[0]
WARNING: [Synth 8-3331] design vio_v3_0_18_vio has unconnected port probe_in75[0]
WARNING: [Synth 8-3331] design vio_v3_0_18_vio has unconnected port probe_in76[0]
WARNING: [Synth 8-3331] design vio_v3_0_18_vio has unconnected port probe_in77[0]
WARNING: [Synth 8-3331] design vio_v3_0_18_vio has unconnected port probe_in78[0]
WARNING: [Synth 8-3331] design vio_v3_0_18_vio has unconnected port probe_in79[0]
WARNING: [Synth 8-3331] design vio_v3_0_18_vio has unconnected port probe_in80[0]
WARNING: [Synth 8-3331] design vio_v3_0_18_vio has unconnected port probe_in81[0]
WARNING: [Synth 8-3331] design vio_v3_0_18_vio has unconnected port probe_in82[0]
WARNING: [Synth 8-3331] design vio_v3_0_18_vio has unconnected port probe_in83[0]
WARNING: [Synth 8-3331] design vio_v3_0_18_vio has unconnected port probe_in84[0]
WARNING: [Synth 8-3331] design vio_v3_0_18_vio has unconnected port probe_in85[0]
WARNING: [Synth 8-3331] design vio_v3_0_18_vio has unconnected port probe_in86[0]
WARNING: [Synth 8-3331] design vio_v3_0_18_vio has unconnected port probe_in87[0]
WARNING: [Synth 8-3331] design vio_v3_0_18_vio has unconnected port probe_in88[0]
WARNING: [Synth 8-3331] design vio_v3_0_18_vio has unconnected port probe_in89[0]
WARNING: [Synth 8-3331] design vio_v3_0_18_vio has unconnected port probe_in90[0]
WARNING: [Synth 8-3331] design vio_v3_0_18_vio has unconnected port probe_in91[0]
WARNING: [Synth 8-3331] design vio_v3_0_18_vio has unconnected port probe_in92[0]
WARNING: [Synth 8-3331] design vio_v3_0_18_vio has unconnected port probe_in93[0]
WARNING: [Synth 8-3331] design vio_v3_0_18_vio has unconnected port probe_in94[0]
WARNING: [Synth 8-3331] design vio_v3_0_18_vio has unconnected port probe_in95[0]
WARNING: [Synth 8-3331] design vio_v3_0_18_vio has unconnected port probe_in96[0]
WARNING: [Synth 8-3331] design vio_v3_0_18_vio has unconnected port probe_in97[0]
WARNING: [Synth 8-3331] design vio_v3_0_18_vio has unconnected port probe_in98[0]
WARNING: [Synth 8-3331] design vio_v3_0_18_vio has unconnected port probe_in99[0]
WARNING: [Synth 8-3331] design vio_v3_0_18_vio has unconnected port probe_in100[0]
WARNING: [Synth 8-3331] design vio_v3_0_18_vio has unconnected port probe_in101[0]
WARNING: [Synth 8-3331] design vio_v3_0_18_vio has unconnected port probe_in102[0]
WARNING: [Synth 8-3331] design vio_v3_0_18_vio has unconnected port probe_in103[0]
WARNING: [Synth 8-3331] design vio_v3_0_18_vio has unconnected port probe_in104[0]
WARNING: [Synth 8-3331] design vio_v3_0_18_vio has unconnected port probe_in105[0]
WARNING: [Synth 8-3331] design vio_v3_0_18_vio has unconnected port probe_in106[0]
WARNING: [Synth 8-3331] design vio_v3_0_18_vio has unconnected port probe_in107[0]
WARNING: [Synth 8-3331] design vio_v3_0_18_vio has unconnected port probe_in108[0]
WARNING: [Synth 8-3331] design vio_v3_0_18_vio has unconnected port probe_in109[0]
WARNING: [Synth 8-3331] design vio_v3_0_18_vio has unconnected port probe_in110[0]
WARNING: [Synth 8-3331] design vio_v3_0_18_vio has unconnected port probe_in111[0]
WARNING: [Synth 8-3331] design vio_v3_0_18_vio has unconnected port probe_in112[0]
WARNING: [Synth 8-3331] design vio_v3_0_18_vio has unconnected port probe_in113[0]
WARNING: [Synth 8-3331] design vio_v3_0_18_vio has unconnected port probe_in114[0]
WARNING: [Synth 8-3331] design vio_v3_0_18_vio has unconnected port probe_in115[0]
WARNING: [Synth 8-3331] design vio_v3_0_18_vio has unconnected port probe_in116[0]
WARNING: [Synth 8-3331] design vio_v3_0_18_vio has unconnected port probe_in117[0]
WARNING: [Synth 8-3331] design vio_v3_0_18_vio has unconnected port probe_in118[0]
WARNING: [Synth 8-3331] design vio_v3_0_18_vio has unconnected port probe_in119[0]
WARNING: [Synth 8-3331] design vio_v3_0_18_vio has unconnected port probe_in120[0]
WARNING: [Synth 8-3331] design vio_v3_0_18_vio has unconnected port probe_in121[0]
WARNING: [Synth 8-3331] design vio_v3_0_18_vio has unconnected port probe_in122[0]
WARNING: [Synth 8-3331] design vio_v3_0_18_vio has unconnected port probe_in123[0]
WARNING: [Synth 8-3331] design vio_v3_0_18_vio has unconnected port probe_in124[0]
WARNING: [Synth 8-3331] design vio_v3_0_18_vio has unconnected port probe_in125[0]
WARNING: [Synth 8-3331] design vio_v3_0_18_vio has unconnected port probe_in126[0]
WARNING: [Synth 8-3331] design vio_v3_0_18_vio has unconnected port probe_in127[0]
WARNING: [Synth 8-3331] design vio_v3_0_18_vio has unconnected port probe_in128[0]
WARNING: [Synth 8-3331] design vio_v3_0_18_vio has unconnected port probe_in129[0]
WARNING: [Synth 8-3331] design vio_v3_0_18_vio has unconnected port probe_in130[0]
WARNING: [Synth 8-3331] design vio_v3_0_18_vio has unconnected port probe_in131[0]
WARNING: [Synth 8-3331] design vio_v3_0_18_vio has unconnected port probe_in132[0]
WARNING: [Synth 8-3331] design vio_v3_0_18_vio has unconnected port probe_in133[0]
WARNING: [Synth 8-3331] design vio_v3_0_18_vio has unconnected port probe_in134[0]
WARNING: [Synth 8-3331] design vio_v3_0_18_vio has unconnected port probe_in135[0]
WARNING: [Synth 8-3331] design vio_v3_0_18_vio has unconnected port probe_in136[0]
WARNING: [Synth 8-3331] design vio_v3_0_18_vio has unconnected port probe_in137[0]
WARNING: [Synth 8-3331] design vio_v3_0_18_vio has unconnected port probe_in138[0]
WARNING: [Synth 8-3331] design vio_v3_0_18_vio has unconnected port probe_in139[0]
WARNING: [Synth 8-3331] design vio_v3_0_18_vio has unconnected port probe_in140[0]
WARNING: [Synth 8-3331] design vio_v3_0_18_vio has unconnected port probe_in141[0]
WARNING: [Synth 8-3331] design vio_v3_0_18_vio has unconnected port probe_in142[0]
WARNING: [Synth 8-3331] design vio_v3_0_18_vio has unconnected port probe_in143[0]
WARNING: [Synth 8-3331] design vio_v3_0_18_vio has unconnected port probe_in144[0]
INFO: [Common 17-14] Message 'Synth 8-3331' appears 100 times and further instances of the messages will be disabled. Use the Tcl command set_msg_config to change the current settings.
---------------------------------------------------------------------------------
Finished RTL Elaboration : Time (s): cpu = 00:00:49 ; elapsed = 00:01:08 . Memory (MB): peak = 468.531 ; gain = 165.840
---------------------------------------------------------------------------------

Report Check Netlist: 
+------+------------------+-------+---------+-------+------------------+
|      |Item              |Errors |Warnings |Status |Description       |
+------+------------------+-------+---------+-------+------------------+
|1     |multi_driven_nets |      0|        0|Passed |Multi driven nets |
+------+------------------+-------+---------+-------+------------------+
WARNING: [Synth 8-3295] tying undriven pin inst:sl_iport0[36] to constant 0 [c:/Proyectos/DES/DES.srcs/sources_1/ip/vio_0/synth/vio_0.v:1051]
WARNING: [Synth 8-3295] tying undriven pin inst:sl_iport0[35] to constant 0 [c:/Proyectos/DES/DES.srcs/sources_1/ip/vio_0/synth/vio_0.v:1051]
WARNING: [Synth 8-3295] tying undriven pin inst:sl_iport0[34] to constant 0 [c:/Proyectos/DES/DES.srcs/sources_1/ip/vio_0/synth/vio_0.v:1051]
WARNING: [Synth 8-3295] tying undriven pin inst:sl_iport0[33] to constant 0 [c:/Proyectos/DES/DES.srcs/sources_1/ip/vio_0/synth/vio_0.v:1051]
WARNING: [Synth 8-3295] tying undriven pin inst:sl_iport0[32] to constant 0 [c:/Proyectos/DES/DES.srcs/sources_1/ip/vio_0/synth/vio_0.v:1051]
WARNING: [Synth 8-3295] tying undriven pin inst:sl_iport0[31] to constant 0 [c:/Proyectos/DES/DES.srcs/sources_1/ip/vio_0/synth/vio_0.v:1051]
WARNING: [Synth 8-3295] tying undriven pin inst:sl_iport0[30] to constant 0 [c:/Proyectos/DES/DES.srcs/sources_1/ip/vio_0/synth/vio_0.v:1051]
WARNING: [Synth 8-3295] tying undriven pin inst:sl_iport0[29] to constant 0 [c:/Proyectos/DES/DES.srcs/sources_1/ip/vio_0/synth/vio_0.v:1051]
WARNING: [Synth 8-3295] tying undriven pin inst:sl_iport0[28] to constant 0 [c:/Proyectos/DES/DES.srcs/sources_1/ip/vio_0/synth/vio_0.v:1051]
WARNING: [Synth 8-3295] tying undriven pin inst:sl_iport0[27] to constant 0 [c:/Proyectos/DES/DES.srcs/sources_1/ip/vio_0/synth/vio_0.v:1051]
WARNING: [Synth 8-3295] tying undriven pin inst:sl_iport0[26] to constant 0 [c:/Proyectos/DES/DES.srcs/sources_1/ip/vio_0/synth/vio_0.v:1051]
WARNING: [Synth 8-3295] tying undriven pin inst:sl_iport0[25] to constant 0 [c:/Proyectos/DES/DES.srcs/sources_1/ip/vio_0/synth/vio_0.v:1051]
WARNING: [Synth 8-3295] tying undriven pin inst:sl_iport0[24] to constant 0 [c:/Proyectos/DES/DES.srcs/sources_1/ip/vio_0/synth/vio_0.v:1051]
WARNING: [Synth 8-3295] tying undriven pin inst:sl_iport0[23] to constant 0 [c:/Proyectos/DES/DES.srcs/sources_1/ip/vio_0/synth/vio_0.v:1051]
WARNING: [Synth 8-3295] tying undriven pin inst:sl_iport0[22] to constant 0 [c:/Proyectos/DES/DES.srcs/sources_1/ip/vio_0/synth/vio_0.v:1051]
WARNING: [Synth 8-3295] tying undriven pin inst:sl_iport0[21] to constant 0 [c:/Proyectos/DES/DES.srcs/sources_1/ip/vio_0/synth/vio_0.v:1051]
WARNING: [Synth 8-3295] tying undriven pin inst:sl_iport0[20] to constant 0 [c:/Proyectos/DES/DES.srcs/sources_1/ip/vio_0/synth/vio_0.v:1051]
WARNING: [Synth 8-3295] tying undriven pin inst:sl_iport0[19] to constant 0 [c:/Proyectos/DES/DES.srcs/sources_1/ip/vio_0/synth/vio_0.v:1051]
WARNING: [Synth 8-3295] tying undriven pin inst:sl_iport0[18] to constant 0 [c:/Proyectos/DES/DES.srcs/sources_1/ip/vio_0/synth/vio_0.v:1051]
WARNING: [Synth 8-3295] tying undriven pin inst:sl_iport0[17] to constant 0 [c:/Proyectos/DES/DES.srcs/sources_1/ip/vio_0/synth/vio_0.v:1051]
WARNING: [Synth 8-3295] tying undriven pin inst:sl_iport0[16] to constant 0 [c:/Proyectos/DES/DES.srcs/sources_1/ip/vio_0/synth/vio_0.v:1051]
WARNING: [Synth 8-3295] tying undriven pin inst:sl_iport0[15] to constant 0 [c:/Proyectos/DES/DES.srcs/sources_1/ip/vio_0/synth/vio_0.v:1051]
WARNING: [Synth 8-3295] tying undriven pin inst:sl_iport0[14] to constant 0 [c:/Proyectos/DES/DES.srcs/sources_1/ip/vio_0/synth/vio_0.v:1051]
WARNING: [Synth 8-3295] tying undriven pin inst:sl_iport0[13] to constant 0 [c:/Proyectos/DES/DES.srcs/sources_1/ip/vio_0/synth/vio_0.v:1051]
WARNING: [Synth 8-3295] tying undriven pin inst:sl_iport0[12] to constant 0 [c:/Proyectos/DES/DES.srcs/sources_1/ip/vio_0/synth/vio_0.v:1051]
WARNING: [Synth 8-3295] tying undriven pin inst:sl_iport0[11] to constant 0 [c:/Proyectos/DES/DES.srcs/sources_1/ip/vio_0/synth/vio_0.v:1051]
WARNING: [Synth 8-3295] tying undriven pin inst:sl_iport0[10] to constant 0 [c:/Proyectos/DES/DES.srcs/sources_1/ip/vio_0/synth/vio_0.v:1051]
WARNING: [Synth 8-3295] tying undriven pin inst:sl_iport0[9] to constant 0 [c:/Proyectos/DES/DES.srcs/sources_1/ip/vio_0/synth/vio_0.v:1051]
WARNING: [Synth 8-3295] tying undriven pin inst:sl_iport0[8] to constant 0 [c:/Proyectos/DES/DES.srcs/sources_1/ip/vio_0/synth/vio_0.v:1051]
WARNING: [Synth 8-3295] tying undriven pin inst:sl_iport0[7] to constant 0 [c:/Proyectos/DES/DES.srcs/sources_1/ip/vio_0/synth/vio_0.v:1051]
WARNING: [Synth 8-3295] tying undriven pin inst:sl_iport0[6] to constant 0 [c:/Proyectos/DES/DES.srcs/sources_1/ip/vio_0/synth/vio_0.v:1051]
WARNING: [Synth 8-3295] tying undriven pin inst:sl_iport0[5] to constant 0 [c:/Proyectos/DES/DES.srcs/sources_1/ip/vio_0/synth/vio_0.v:1051]
WARNING: [Synth 8-3295] tying undriven pin inst:sl_iport0[4] to constant 0 [c:/Proyectos/DES/DES.srcs/sources_1/ip/vio_0/synth/vio_0.v:1051]
WARNING: [Synth 8-3295] tying undriven pin inst:sl_iport0[3] to constant 0 [c:/Proyectos/DES/DES.srcs/sources_1/ip/vio_0/synth/vio_0.v:1051]
WARNING: [Synth 8-3295] tying undriven pin inst:sl_iport0[2] to constant 0 [c:/Proyectos/DES/DES.srcs/sources_1/ip/vio_0/synth/vio_0.v:1051]
WARNING: [Synth 8-3295] tying undriven pin inst:sl_iport0[1] to constant 0 [c:/Proyectos/DES/DES.srcs/sources_1/ip/vio_0/synth/vio_0.v:1051]
WARNING: [Synth 8-3295] tying undriven pin inst:sl_iport0[0] to constant 0 [c:/Proyectos/DES/DES.srcs/sources_1/ip/vio_0/synth/vio_0.v:1051]
---------------------------------------------------------------------------------
Start Handling Custom Attributes
---------------------------------------------------------------------------------
---------------------------------------------------------------------------------
Finished Handling Custom Attributes : Time (s): cpu = 00:00:51 ; elapsed = 00:01:11 . Memory (MB): peak = 468.531 ; gain = 165.840
---------------------------------------------------------------------------------
---------------------------------------------------------------------------------
Finished RTL Optimization Phase 1 : Time (s): cpu = 00:00:51 ; elapsed = 00:01:11 . Memory (MB): peak = 468.531 ; gain = 165.840
---------------------------------------------------------------------------------
INFO: [Device 21-403] Loading part xc7a35ticsg324-1L
INFO: [Project 1-570] Preparing netlist for logic optimization

Processing XDC Constraints
Initializing timing engine
Parsing XDC File [c:/Proyectos/DES/DES.srcs/sources_1/ip/vio_0/vio_0_ooc.xdc]
Finished Parsing XDC File [c:/Proyectos/DES/DES.srcs/sources_1/ip/vio_0/vio_0_ooc.xdc]
Parsing XDC File [c:/Proyectos/DES/DES.srcs/sources_1/ip/vio_0/vio_0.xdc]
Finished Parsing XDC File [c:/Proyectos/DES/DES.srcs/sources_1/ip/vio_0/vio_0.xdc]
Completed Processing XDC Constraints

INFO: [Project 1-111] Unisim Transformation Summary:
No Unisim elements were transformed.

Constraint Validation Runtime : Time (s): cpu = 00:00:01 ; elapsed = 00:00:00.638 . Memory (MB): peak = 796.199 ; gain = 0.938
---------------------------------------------------------------------------------
Finished Constraint Validation : Time (s): cpu = 00:02:01 ; elapsed = 00:02:43 . Memory (MB): peak = 796.199 ; gain = 493.508
---------------------------------------------------------------------------------
---------------------------------------------------------------------------------
Start Loading Part and Timing Information
---------------------------------------------------------------------------------
Loading part: xc7a35ticsg324-1L
---------------------------------------------------------------------------------
Finished Loading Part and Timing Information : Time (s): cpu = 00:02:01 ; elapsed = 00:02:43 . Memory (MB): peak = 796.199 ; gain = 493.508
---------------------------------------------------------------------------------
---------------------------------------------------------------------------------
Start Applying 'set_property' XDC Constraints
---------------------------------------------------------------------------------
---------------------------------------------------------------------------------
Finished applying 'set_property' XDC Constraints : Time (s): cpu = 00:02:01 ; elapsed = 00:02:43 . Memory (MB): peak = 796.199 ; gain = 493.508
---------------------------------------------------------------------------------
INFO: [Synth 8-5546] ROM "wr_probe_out" won't be mapped to RAM because it is too sparse
INFO: [Synth 8-5546] ROM "wr_probe_out" won't be mapped to RAM because it is too sparse
INFO: [Synth 8-5546] ROM "wr_probe_out" won't be mapped to RAM because it is too sparse
INFO: [Synth 8-5546] ROM "wr_probe_out" won't be mapped to RAM because it is too sparse
INFO: [Synth 8-5546] ROM "wr_probe_out" won't be mapped to RAM because it is too sparse
INFO: [Synth 8-5546] ROM "wr_probe_out" won't be mapped to RAM because it is too sparse
INFO: [Synth 8-5546] ROM "wr_probe_out" won't be mapped to RAM because it is too sparse
INFO: [Synth 8-5546] ROM "wr_probe_out" won't be mapped to RAM because it is too sparse
INFO: [Synth 8-5546] ROM "wr_probe_out" won't be mapped to RAM because it is too sparse
INFO: [Synth 8-5546] ROM "wr_probe_out" won't be mapped to RAM because it is too sparse
INFO: [Synth 8-5546] ROM "wr_probe_out" won't be mapped to RAM because it is too sparse
INFO: [Synth 8-5546] ROM "wr_probe_out" won't be mapped to RAM because it is too sparse
INFO: [Synth 8-5546] ROM "wr_probe_out" won't be mapped to RAM because it is too sparse
INFO: [Synth 8-5546] ROM "wr_probe_out" won't be mapped to RAM because it is too sparse
INFO: [Synth 8-5546] ROM "wr_probe_out" won't be mapped to RAM because it is too sparse
INFO: [Synth 8-5546] ROM "wr_probe_out" won't be mapped to RAM because it is too sparse
INFO: [Synth 8-5546] ROM "wr_probe_out" won't be mapped to RAM because it is too sparse
INFO: [Synth 8-5546] ROM "wr_probe_out" won't be mapped to RAM because it is too sparse
INFO: [Synth 8-5546] ROM "wr_probe_out" won't be mapped to RAM because it is too sparse
INFO: [Synth 8-5546] ROM "wr_probe_out" won't be mapped to RAM because it is too sparse
INFO: [Synth 8-5546] ROM "wr_probe_out" won't be mapped to RAM because it is too sparse
INFO: [Synth 8-5546] ROM "wr_probe_out" won't be mapped to RAM because it is too sparse
INFO: [Synth 8-5546] ROM "wr_probe_out" won't be mapped to RAM because it is too sparse
INFO: [Synth 8-5546] ROM "wr_probe_out" won't be mapped to RAM because it is too sparse
INFO: [Synth 8-5546] ROM "wr_probe_out" won't be mapped to RAM because it is too sparse
INFO: [Synth 8-5546] ROM "wr_probe_out" won't be mapped to RAM because it is too sparse
INFO: [Synth 8-5546] ROM "wr_probe_out" won't be mapped to RAM because it is too sparse
INFO: [Synth 8-5546] ROM "wr_probe_out" won't be mapped to RAM because it is too sparse
INFO: [Synth 8-5546] ROM "wr_probe_out" won't be mapped to RAM because it is too sparse
INFO: [Synth 8-5546] ROM "wr_probe_out" won't be mapped to RAM because it is too sparse
INFO: [Synth 8-5546] ROM "wr_probe_out" won't be mapped to RAM because it is too sparse
INFO: [Synth 8-5546] ROM "wr_probe_out" won't be mapped to RAM because it is too sparse
INFO: [Synth 8-5546] ROM "wr_probe_out" won't be mapped to RAM because it is too sparse
INFO: [Synth 8-5546] ROM "wr_probe_out" won't be mapped to RAM because it is too sparse
INFO: [Synth 8-5546] ROM "wr_probe_out" won't be mapped to RAM because it is too sparse
INFO: [Synth 8-5546] ROM "wr_probe_out" won't be mapped to RAM because it is too sparse
INFO: [Synth 8-5546] ROM "wr_probe_out" won't be mapped to RAM because it is too sparse
INFO: [Synth 8-5546] ROM "wr_probe_out" won't be mapped to RAM because it is too sparse
INFO: [Synth 8-5546] ROM "wr_probe_out" won't be mapped to RAM because it is too sparse
INFO: [Synth 8-5546] ROM "wr_probe_out" won't be mapped to RAM because it is too sparse
INFO: [Synth 8-5546] ROM "wr_probe_out" won't be mapped to RAM because it is too sparse
INFO: [Synth 8-5546] ROM "wr_probe_out" won't be mapped to RAM because it is too sparse
INFO: [Synth 8-5546] ROM "wr_probe_out" won't be mapped to RAM because it is too sparse
INFO: [Synth 8-5546] ROM "wr_probe_out" won't be mapped to RAM because it is too sparse
INFO: [Synth 8-5546] ROM "wr_probe_out" won't be mapped to RAM because it is too sparse
INFO: [Synth 8-5546] ROM "wr_probe_out" won't be mapped to RAM because it is too sparse
INFO: [Synth 8-5546] ROM "wr_probe_out" won't be mapped to RAM because it is too sparse
INFO: [Synth 8-5546] ROM "wr_probe_out" won't be mapped to RAM because it is too sparse
INFO: [Synth 8-5546] ROM "wr_probe_out" won't be mapped to RAM because it is too sparse
INFO: [Synth 8-5546] ROM "wr_probe_out" won't be mapped to RAM because it is too sparse
INFO: [Synth 8-5546] ROM "wr_probe_out" won't be mapped to RAM because it is too sparse
INFO: [Synth 8-5546] ROM "wr_probe_out" won't be mapped to RAM because it is too sparse
INFO: [Synth 8-5546] ROM "wr_probe_out" won't be mapped to RAM because it is too sparse
INFO: [Synth 8-5546] ROM "wr_probe_out" won't be mapped to RAM because it is too sparse
INFO: [Synth 8-5546] ROM "wr_probe_out" won't be mapped to RAM because it is too sparse
INFO: [Synth 8-5546] ROM "wr_probe_out" won't be mapped to RAM because it is too sparse
INFO: [Synth 8-5546] ROM "wr_probe_out" won't be mapped to RAM because it is too sparse
INFO: [Synth 8-5546] ROM "wr_probe_out" won't be mapped to RAM because it is too sparse
INFO: [Synth 8-5546] ROM "wr_probe_out" won't be mapped to RAM because it is too sparse
INFO: [Synth 8-5546] ROM "wr_probe_out" won't be mapped to RAM because it is too sparse
INFO: [Synth 8-5546] ROM "wr_probe_out" won't be mapped to RAM because it is too sparse
INFO: [Synth 8-5546] ROM "wr_probe_out" won't be mapped to RAM because it is too sparse
INFO: [Synth 8-5546] ROM "wr_probe_out" won't be mapped to RAM because it is too sparse
INFO: [Synth 8-5546] ROM "wr_probe_out" won't be mapped to RAM because it is too sparse
INFO: [Synth 8-5546] ROM "wr_en_int0" won't be mapped to RAM because it is too sparse
INFO: [Synth 8-5546] ROM "wr_en_int0" won't be mapped to RAM because it is too sparse
INFO: [Synth 8-5546] ROM "wr_en_int0" won't be mapped to RAM because it is too sparse
INFO: [Synth 8-5546] ROM "wr_en_int0" won't be mapped to RAM because it is too sparse
INFO: [Synth 8-5546] ROM "wr_en_int0" won't be mapped to RAM because it is too sparse
INFO: [Synth 8-5546] ROM "rd_en_int0" won't be mapped to RAM because it is too sparse
INFO: [Synth 8-5546] ROM "rd_en_int0" won't be mapped to RAM because it is too sparse
---------------------------------------------------------------------------------
Finished RTL Optimization Phase 2 : Time (s): cpu = 00:02:09 ; elapsed = 00:02:53 . Memory (MB): peak = 796.199 ; gain = 493.508
---------------------------------------------------------------------------------

Report RTL Partitions: 
+-+--------------+------------+----------+
| |RTL Partition |Replication |Instances |
+-+--------------+------------+----------+
+-+--------------+------------+----------+
---------------------------------------------------------------------------------
Start RTL Component Statistics 
---------------------------------------------------------------------------------
Detailed RTL Component Info : 
+---Adders : 
	   2 Input      6 Bit       Adders := 1     
	   2 Input      5 Bit       Adders := 2     
	   2 Input      3 Bit       Adders := 1     
+---Registers : 
	              128 Bit    Registers := 1     
	              127 Bit    Registers := 3     
	               64 Bit    Registers := 1     
	               16 Bit    Registers := 75    
	                7 Bit    Registers := 1     
	                6 Bit    Registers := 4     
	                5 Bit    Registers := 3     
	                3 Bit    Registers := 3     
	                1 Bit    Registers := 141   
+---Muxes : 
	   4 Input     16 Bit        Muxes := 1     
	   2 Input     16 Bit        Muxes := 2     
	  32 Input      6 Bit        Muxes := 2     
	   2 Input      1 Bit        Muxes := 136   
---------------------------------------------------------------------------------
Finished RTL Component Statistics 
---------------------------------------------------------------------------------
---------------------------------------------------------------------------------
Start RTL Hierarchical Component Statistics 
---------------------------------------------------------------------------------
Hierarchical RTL Component report 
Module vio_v3_0_18_probe_in_one 
Detailed RTL Component Info : 
+---Adders : 
	   2 Input      6 Bit       Adders := 1     
+---Registers : 
	              127 Bit    Registers := 3     
	               16 Bit    Registers := 1     
	                6 Bit    Registers := 1     
	                1 Bit    Registers := 2     
Module vio_v3_0_18_probe_width 
Detailed RTL Component Info : 
+---Adders : 
	   2 Input      5 Bit       Adders := 1     
+---Registers : 
	                6 Bit    Registers := 1     
	                5 Bit    Registers := 1     
+---Muxes : 
	  32 Input      6 Bit        Muxes := 1     
Module vio_v3_0_18_probe_out_one 
Detailed RTL Component Info : 
+---Adders : 
	   2 Input      3 Bit       Adders := 1     
+---Registers : 
	               64 Bit    Registers := 1     
	               16 Bit    Registers := 5     
	                3 Bit    Registers := 1     
+---Muxes : 
	   4 Input     16 Bit        Muxes := 1     
Module vio_v3_0_18_probe_out_one__parameterized0 
Detailed RTL Component Info : 
+---Registers : 
	               16 Bit    Registers := 1     
	                1 Bit    Registers := 1     
+---Muxes : 
	   2 Input      1 Bit        Muxes := 1     
Module vio_v3_0_18_probe_out_all 
Detailed RTL Component Info : 
+---Registers : 
	               16 Bit    Registers := 1     
	                6 Bit    Registers := 1     
	                1 Bit    Registers := 66    
+---Muxes : 
	   2 Input      1 Bit        Muxes := 65    
Module xsdbs_v1_0_2_xsdbs 
Detailed RTL Component Info : 
+---Registers : 
	              128 Bit    Registers := 1     
	               16 Bit    Registers := 2     
	                1 Bit    Registers := 1     
+---Muxes : 
	   2 Input     16 Bit        Muxes := 1     
	   2 Input      1 Bit        Muxes := 1     
Module vio_v3_0_18_decoder 
Detailed RTL Component Info : 
+---Registers : 
	               16 Bit    Registers := 2     
	                7 Bit    Registers := 1     
	                5 Bit    Registers := 1     
	                3 Bit    Registers := 2     
	                1 Bit    Registers := 9     
+---Muxes : 
	   2 Input     16 Bit        Muxes := 1     
	   2 Input      1 Bit        Muxes := 7     
Module vio_v3_0_18_vio 
Detailed RTL Component Info : 
+---Registers : 
	               16 Bit    Registers := 1     
---------------------------------------------------------------------------------
Finished RTL Hierarchical Component Statistics
---------------------------------------------------------------------------------
---------------------------------------------------------------------------------
Start Part Resource Summary
---------------------------------------------------------------------------------
Part Resources:
DSPs: 90 (col length:60)
BRAMs: 100 (col length: RAMB18 60 RAMB36 30)
---------------------------------------------------------------------------------
Finished Part Resource Summary
---------------------------------------------------------------------------------
---------------------------------------------------------------------------------
Start Cross Boundary and Area Optimization
---------------------------------------------------------------------------------
Warning: Parallel synthesis criteria is not met 
INFO: [Synth 8-5546] ROM "wr_probe_out" won't be mapped to RAM because it is too sparse
INFO: [Synth 8-5546] ROM "wr_probe_out" won't be mapped to RAM because it is too sparse
INFO: [Synth 8-5546] ROM "wr_probe_out" won't be mapped to RAM because it is too sparse
INFO: [Synth 8-5546] ROM "wr_probe_out" won't be mapped to RAM because it is too sparse
INFO: [Synth 8-5546] ROM "wr_probe_out" won't be mapped to RAM because it is too sparse
INFO: [Synth 8-5546] ROM "wr_probe_out" won't be mapped to RAM because it is too sparse
INFO: [Synth 8-5546] ROM "wr_probe_out" won't be mapped to RAM because it is too sparse
INFO: [Synth 8-5546] ROM "wr_probe_out" won't be mapped to RAM because it is too sparse
INFO: [Synth 8-5546] ROM "wr_probe_out" won't be mapped to RAM because it is too sparse
INFO: [Synth 8-5546] ROM "wr_probe_out" won't be mapped to RAM because it is too sparse
INFO: [Synth 8-5546] ROM "wr_probe_out" won't be mapped to RAM because it is too sparse
INFO: [Synth 8-5546] ROM "wr_probe_out" won't be mapped to RAM because it is too sparse
INFO: [Synth 8-5546] ROM "wr_probe_out" won't be mapped to RAM because it is too sparse
INFO: [Synth 8-5546] ROM "wr_probe_out" won't be mapped to RAM because it is too sparse
INFO: [Synth 8-5546] ROM "wr_probe_out" won't be mapped to RAM because it is too sparse
INFO: [Synth 8-5546] ROM "wr_probe_out" won't be mapped to RAM because it is too sparse
INFO: [Synth 8-5546] ROM "wr_probe_out" won't be mapped to RAM because it is too sparse
INFO: [Synth 8-5546] ROM "wr_probe_out" won't be mapped to RAM because it is too sparse
INFO: [Synth 8-5546] ROM "wr_probe_out" won't be mapped to RAM because it is too sparse
INFO: [Synth 8-5546] ROM "wr_probe_out" won't be mapped to RAM because it is too sparse
INFO: [Synth 8-5546] ROM "wr_probe_out" won't be mapped to RAM because it is too sparse
INFO: [Synth 8-5546] ROM "wr_probe_out" won't be mapped to RAM because it is too sparse
INFO: [Synth 8-5546] ROM "wr_probe_out" won't be mapped to RAM because it is too sparse
INFO: [Synth 8-5546] ROM "wr_probe_out" won't be mapped to RAM because it is too sparse
INFO: [Synth 8-5546] ROM "wr_probe_out" won't be mapped to RAM because it is too sparse
INFO: [Synth 8-5546] ROM "wr_probe_out" won't be mapped to RAM because it is too sparse
INFO: [Synth 8-5546] ROM "wr_probe_out" won't be mapped to RAM because it is too sparse
INFO: [Synth 8-5546] ROM "wr_probe_out" won't be mapped to RAM because it is too sparse
INFO: [Synth 8-5546] ROM "wr_probe_out" won't be mapped to RAM because it is too sparse
INFO: [Common 17-14] Message 'Synth 8-5546' appears 100 times and further instances of the messages will be disabled. Use the Tcl command set_msg_config to change the current settings.
INFO: [Synth 8-3886] merging instance 'inst/PROBE_OUT_ALL_INST/G_PROBE_OUT[63].PROBE_OUT0_INST/data_int_reg[1]' (FDRE) to 'inst/PROBE_OUT_ALL_INST/G_PROBE_OUT[63].PROBE_OUT0_INST/data_int_reg[2]'
INFO: [Synth 8-3886] merging instance 'inst/PROBE_OUT_ALL_INST/G_PROBE_OUT[62].PROBE_OUT0_INST/data_int_reg[1]' (FDRE) to 'inst/PROBE_OUT_ALL_INST/G_PROBE_OUT[62].PROBE_OUT0_INST/data_int_reg[2]'
INFO: [Synth 8-3886] merging instance 'inst/PROBE_OUT_ALL_INST/G_PROBE_OUT[61].PROBE_OUT0_INST/data_int_reg[1]' (FDRE) to 'inst/PROBE_OUT_ALL_INST/G_PROBE_OUT[61].PROBE_OUT0_INST/data_int_reg[2]'
INFO: [Synth 8-3886] merging instance 'inst/PROBE_OUT_ALL_INST/G_PROBE_OUT[60].PROBE_OUT0_INST/data_int_reg[1]' (FDRE) to 'inst/PROBE_OUT_ALL_INST/G_PROBE_OUT[60].PROBE_OUT0_INST/data_int_reg[2]'
INFO: [Synth 8-3886] merging instance 'inst/PROBE_OUT_ALL_INST/G_PROBE_OUT[59].PROBE_OUT0_INST/data_int_reg[1]' (FDRE) to 'inst/PROBE_OUT_ALL_INST/G_PROBE_OUT[59].PROBE_OUT0_INST/data_int_reg[2]'
INFO: [Synth 8-3886] merging instance 'inst/PROBE_OUT_ALL_INST/G_PROBE_OUT[58].PROBE_OUT0_INST/data_int_reg[1]' (FDRE) to 'inst/PROBE_OUT_ALL_INST/G_PROBE_OUT[58].PROBE_OUT0_INST/data_int_reg[2]'
INFO: [Synth 8-3886] merging instance 'inst/PROBE_OUT_ALL_INST/G_PROBE_OUT[57].PROBE_OUT0_INST/data_int_reg[1]' (FDRE) to 'inst/PROBE_OUT_ALL_INST/G_PROBE_OUT[57].PROBE_OUT0_INST/data_int_reg[2]'
INFO: [Synth 8-3886] merging instance 'inst/PROBE_OUT_ALL_INST/G_PROBE_OUT[56].PROBE_OUT0_INST/data_int_reg[1]' (FDRE) to 'inst/PROBE_OUT_ALL_INST/G_PROBE_OUT[56].PROBE_OUT0_INST/data_int_reg[2]'
INFO: [Synth 8-3886] merging instance 'inst/PROBE_OUT_ALL_INST/G_PROBE_OUT[55].PROBE_OUT0_INST/data_int_reg[1]' (FDRE) to 'inst/PROBE_OUT_ALL_INST/G_PROBE_OUT[55].PROBE_OUT0_INST/data_int_reg[2]'
INFO: [Synth 8-3886] merging instance 'inst/PROBE_OUT_ALL_INST/G_PROBE_OUT[54].PROBE_OUT0_INST/data_int_reg[1]' (FDRE) to 'inst/PROBE_OUT_ALL_INST/G_PROBE_OUT[54].PROBE_OUT0_INST/data_int_reg[2]'
INFO: [Synth 8-3886] merging instance 'inst/PROBE_OUT_ALL_INST/G_PROBE_OUT[53].PROBE_OUT0_INST/data_int_reg[1]' (FDRE) to 'inst/PROBE_OUT_ALL_INST/G_PROBE_OUT[53].PROBE_OUT0_INST/data_int_reg[2]'
INFO: [Synth 8-3886] merging instance 'inst/PROBE_OUT_ALL_INST/G_PROBE_OUT[52].PROBE_OUT0_INST/data_int_reg[1]' (FDRE) to 'inst/PROBE_OUT_ALL_INST/G_PROBE_OUT[52].PROBE_OUT0_INST/data_int_reg[2]'
INFO: [Synth 8-3886] merging instance 'inst/PROBE_OUT_ALL_INST/G_PROBE_OUT[51].PROBE_OUT0_INST/data_int_reg[1]' (FDRE) to 'inst/PROBE_OUT_ALL_INST/G_PROBE_OUT[51].PROBE_OUT0_INST/data_int_reg[2]'
INFO: [Synth 8-3886] merging instance 'inst/PROBE_OUT_ALL_INST/G_PROBE_OUT[50].PROBE_OUT0_INST/data_int_reg[1]' (FDRE) to 'inst/PROBE_OUT_ALL_INST/G_PROBE_OUT[50].PROBE_OUT0_INST/data_int_reg[2]'
INFO: [Synth 8-3886] merging instance 'inst/PROBE_OUT_ALL_INST/G_PROBE_OUT[49].PROBE_OUT0_INST/data_int_reg[1]' (FDRE) to 'inst/PROBE_OUT_ALL_INST/G_PROBE_OUT[49].PROBE_OUT0_INST/data_int_reg[2]'
INFO: [Synth 8-3886] merging instance 'inst/PROBE_OUT_ALL_INST/G_PROBE_OUT[48].PROBE_OUT0_INST/data_int_reg[1]' (FDRE) to 'inst/PROBE_OUT_ALL_INST/G_PROBE_OUT[48].PROBE_OUT0_INST/data_int_reg[2]'
INFO: [Synth 8-3886] merging instance 'inst/PROBE_OUT_ALL_INST/G_PROBE_OUT[47].PROBE_OUT0_INST/data_int_reg[1]' (FDRE) to 'inst/PROBE_OUT_ALL_INST/G_PROBE_OUT[47].PROBE_OUT0_INST/data_int_reg[2]'
INFO: [Synth 8-3886] merging instance 'inst/PROBE_OUT_ALL_INST/G_PROBE_OUT[46].PROBE_OUT0_INST/data_int_reg[1]' (FDRE) to 'inst/PROBE_OUT_ALL_INST/G_PROBE_OUT[46].PROBE_OUT0_INST/data_int_reg[2]'
INFO: [Synth 8-3886] merging instance 'inst/PROBE_OUT_ALL_INST/G_PROBE_OUT[45].PROBE_OUT0_INST/data_int_reg[1]' (FDRE) to 'inst/PROBE_OUT_ALL_INST/G_PROBE_OUT[45].PROBE_OUT0_INST/data_int_reg[2]'
INFO: [Synth 8-3886] merging instance 'inst/PROBE_OUT_ALL_INST/G_PROBE_OUT[44].PROBE_OUT0_INST/data_int_reg[1]' (FDRE) to 'inst/PROBE_OUT_ALL_INST/G_PROBE_OUT[44].PROBE_OUT0_INST/data_int_reg[2]'
INFO: [Synth 8-3886] merging instance 'inst/PROBE_OUT_ALL_INST/G_PROBE_OUT[43].PROBE_OUT0_INST/data_int_reg[1]' (FDRE) to 'inst/PROBE_OUT_ALL_INST/G_PROBE_OUT[43].PROBE_OUT0_INST/data_int_reg[2]'
INFO: [Synth 8-3886] merging instance 'inst/PROBE_OUT_ALL_INST/G_PROBE_OUT[42].PROBE_OUT0_INST/data_int_reg[1]' (FDRE) to 'inst/PROBE_OUT_ALL_INST/G_PROBE_OUT[42].PROBE_OUT0_INST/data_int_reg[2]'
INFO: [Synth 8-3886] merging instance 'inst/PROBE_OUT_ALL_INST/G_PROBE_OUT[41].PROBE_OUT0_INST/data_int_reg[1]' (FDRE) to 'inst/PROBE_OUT_ALL_INST/G_PROBE_OUT[41].PROBE_OUT0_INST/data_int_reg[2]'
INFO: [Synth 8-3886] merging instance 'inst/PROBE_OUT_ALL_INST/G_PROBE_OUT[40].PROBE_OUT0_INST/data_int_reg[1]' (FDRE) to 'inst/PROBE_OUT_ALL_INST/G_PROBE_OUT[40].PROBE_OUT0_INST/data_int_reg[2]'
INFO: [Synth 8-3886] merging instance 'inst/PROBE_OUT_ALL_INST/G_PROBE_OUT[39].PROBE_OUT0_INST/data_int_reg[1]' (FDRE) to 'inst/PROBE_OUT_ALL_INST/G_PROBE_OUT[39].PROBE_OUT0_INST/data_int_reg[2]'
INFO: [Synth 8-3886] merging instance 'inst/PROBE_OUT_ALL_INST/G_PROBE_OUT[38].PROBE_OUT0_INST/data_int_reg[1]' (FDRE) to 'inst/PROBE_OUT_ALL_INST/G_PROBE_OUT[38].PROBE_OUT0_INST/data_int_reg[2]'
INFO: [Synth 8-3886] merging instance 'inst/PROBE_OUT_ALL_INST/G_PROBE_OUT[37].PROBE_OUT0_INST/data_int_reg[1]' (FDRE) to 'inst/PROBE_OUT_ALL_INST/G_PROBE_OUT[37].PROBE_OUT0_INST/data_int_reg[2]'
INFO: [Synth 8-3886] merging instance 'inst/PROBE_OUT_ALL_INST/G_PROBE_OUT[36].PROBE_OUT0_INST/data_int_reg[1]' (FDRE) to 'inst/PROBE_OUT_ALL_INST/G_PROBE_OUT[36].PROBE_OUT0_INST/data_int_reg[2]'
INFO: [Synth 8-3886] merging instance 'inst/PROBE_OUT_ALL_INST/G_PROBE_OUT[35].PROBE_OUT0_INST/data_int_reg[1]' (FDRE) to 'inst/PROBE_OUT_ALL_INST/G_PROBE_OUT[35].PROBE_OUT0_INST/data_int_reg[2]'
INFO: [Synth 8-3886] merging instance 'inst/PROBE_OUT_ALL_INST/G_PROBE_OUT[34].PROBE_OUT0_INST/data_int_reg[1]' (FDRE) to 'inst/PROBE_OUT_ALL_INST/G_PROBE_OUT[34].PROBE_OUT0_INST/data_int_reg[2]'
INFO: [Synth 8-3886] merging instance 'inst/PROBE_OUT_ALL_INST/G_PROBE_OUT[33].PROBE_OUT0_INST/data_int_reg[1]' (FDRE) to 'inst/PROBE_OUT_ALL_INST/G_PROBE_OUT[33].PROBE_OUT0_INST/data_int_reg[2]'
INFO: [Synth 8-3886] merging instance 'inst/PROBE_OUT_ALL_INST/G_PROBE_OUT[32].PROBE_OUT0_INST/data_int_reg[1]' (FDRE) to 'inst/PROBE_OUT_ALL_INST/G_PROBE_OUT[32].PROBE_OUT0_INST/data_int_reg[2]'
INFO: [Synth 8-3886] merging instance 'inst/PROBE_OUT_ALL_INST/G_PROBE_OUT[31].PROBE_OUT0_INST/data_int_reg[1]' (FDRE) to 'inst/PROBE_OUT_ALL_INST/G_PROBE_OUT[31].PROBE_OUT0_INST/data_int_reg[2]'
INFO: [Synth 8-3886] merging instance 'inst/PROBE_OUT_ALL_INST/G_PROBE_OUT[30].PROBE_OUT0_INST/data_int_reg[1]' (FDRE) to 'inst/PROBE_OUT_ALL_INST/G_PROBE_OUT[30].PROBE_OUT0_INST/data_int_reg[2]'
INFO: [Synth 8-3886] merging instance 'inst/PROBE_OUT_ALL_INST/G_PROBE_OUT[29].PROBE_OUT0_INST/data_int_reg[1]' (FDRE) to 'inst/PROBE_OUT_ALL_INST/G_PROBE_OUT[29].PROBE_OUT0_INST/data_int_reg[2]'
INFO: [Synth 8-3886] merging instance 'inst/PROBE_OUT_ALL_INST/G_PROBE_OUT[28].PROBE_OUT0_INST/data_int_reg[1]' (FDRE) to 'inst/PROBE_OUT_ALL_INST/G_PROBE_OUT[28].PROBE_OUT0_INST/data_int_reg[2]'
INFO: [Synth 8-3886] merging instance 'inst/PROBE_OUT_ALL_INST/G_PROBE_OUT[27].PROBE_OUT0_INST/data_int_reg[1]' (FDRE) to 'inst/PROBE_OUT_ALL_INST/G_PROBE_OUT[27].PROBE_OUT0_INST/data_int_reg[2]'
INFO: [Synth 8-3886] merging instance 'inst/PROBE_OUT_ALL_INST/G_PROBE_OUT[26].PROBE_OUT0_INST/data_int_reg[1]' (FDRE) to 'inst/PROBE_OUT_ALL_INST/G_PROBE_OUT[26].PROBE_OUT0_INST/data_int_reg[2]'
INFO: [Synth 8-3886] merging instance 'inst/PROBE_OUT_ALL_INST/G_PROBE_OUT[25].PROBE_OUT0_INST/data_int_reg[1]' (FDRE) to 'inst/PROBE_OUT_ALL_INST/G_PROBE_OUT[25].PROBE_OUT0_INST/data_int_reg[2]'
INFO: [Synth 8-3886] merging instance 'inst/PROBE_OUT_ALL_INST/G_PROBE_OUT[24].PROBE_OUT0_INST/data_int_reg[1]' (FDRE) to 'inst/PROBE_OUT_ALL_INST/G_PROBE_OUT[24].PROBE_OUT0_INST/data_int_reg[2]'
INFO: [Synth 8-3886] merging instance 'inst/PROBE_OUT_ALL_INST/G_PROBE_OUT[23].PROBE_OUT0_INST/data_int_reg[1]' (FDRE) to 'inst/PROBE_OUT_ALL_INST/G_PROBE_OUT[23].PROBE_OUT0_INST/data_int_reg[2]'
INFO: [Synth 8-3886] merging instance 'inst/PROBE_OUT_ALL_INST/G_PROBE_OUT[22].PROBE_OUT0_INST/data_int_reg[1]' (FDRE) to 'inst/PROBE_OUT_ALL_INST/G_PROBE_OUT[22].PROBE_OUT0_INST/data_int_reg[2]'
INFO: [Synth 8-3886] merging instance 'inst/PROBE_OUT_ALL_INST/G_PROBE_OUT[21].PROBE_OUT0_INST/data_int_reg[1]' (FDRE) to 'inst/PROBE_OUT_ALL_INST/G_PROBE_OUT[21].PROBE_OUT0_INST/data_int_reg[2]'
INFO: [Synth 8-3886] merging instance 'inst/PROBE_OUT_ALL_INST/G_PROBE_OUT[20].PROBE_OUT0_INST/data_int_reg[1]' (FDRE) to 'inst/PROBE_OUT_ALL_INST/G_PROBE_OUT[20].PROBE_OUT0_INST/data_int_reg[2]'
INFO: [Synth 8-3886] merging instance 'inst/PROBE_OUT_ALL_INST/G_PROBE_OUT[19].PROBE_OUT0_INST/data_int_reg[1]' (FDRE) to 'inst/PROBE_OUT_ALL_INST/G_PROBE_OUT[19].PROBE_OUT0_INST/data_int_reg[2]'
INFO: [Synth 8-3886] merging instance 'inst/PROBE_OUT_ALL_INST/G_PROBE_OUT[18].PROBE_OUT0_INST/data_int_reg[1]' (FDRE) to 'inst/PROBE_OUT_ALL_INST/G_PROBE_OUT[18].PROBE_OUT0_INST/data_int_reg[2]'
INFO: [Synth 8-3886] merging instance 'inst/PROBE_OUT_ALL_INST/G_PROBE_OUT[17].PROBE_OUT0_INST/data_int_reg[1]' (FDRE) to 'inst/PROBE_OUT_ALL_INST/G_PROBE_OUT[17].PROBE_OUT0_INST/data_int_reg[2]'
INFO: [Synth 8-3886] merging instance 'inst/PROBE_OUT_ALL_INST/G_PROBE_OUT[16].PROBE_OUT0_INST/data_int_reg[1]' (FDRE) to 'inst/PROBE_OUT_ALL_INST/G_PROBE_OUT[16].PROBE_OUT0_INST/data_int_reg[2]'
INFO: [Synth 8-3886] merging instance 'inst/PROBE_OUT_ALL_INST/G_PROBE_OUT[15].PROBE_OUT0_INST/data_int_reg[1]' (FDRE) to 'inst/PROBE_OUT_ALL_INST/G_PROBE_OUT[15].PROBE_OUT0_INST/data_int_reg[2]'
INFO: [Synth 8-3886] merging instance 'inst/PROBE_OUT_ALL_INST/G_PROBE_OUT[14].PROBE_OUT0_INST/data_int_reg[1]' (FDRE) to 'inst/PROBE_OUT_ALL_INST/G_PROBE_OUT[14].PROBE_OUT0_INST/data_int_reg[2]'
INFO: [Synth 8-3886] merging instance 'inst/PROBE_OUT_ALL_INST/G_PROBE_OUT[13].PROBE_OUT0_INST/data_int_reg[1]' (FDRE) to 'inst/PROBE_OUT_ALL_INST/G_PROBE_OUT[13].PROBE_OUT0_INST/data_int_reg[2]'
INFO: [Synth 8-3886] merging instance 'inst/PROBE_OUT_ALL_INST/G_PROBE_OUT[12].PROBE_OUT0_INST/data_int_reg[1]' (FDRE) to 'inst/PROBE_OUT_ALL_INST/G_PROBE_OUT[12].PROBE_OUT0_INST/data_int_reg[2]'
INFO: [Synth 8-3886] merging instance 'inst/PROBE_OUT_ALL_INST/G_PROBE_OUT[11].PROBE_OUT0_INST/data_int_reg[1]' (FDRE) to 'inst/PROBE_OUT_ALL_INST/G_PROBE_OUT[11].PROBE_OUT0_INST/data_int_reg[2]'
INFO: [Synth 8-3886] merging instance 'inst/PROBE_OUT_ALL_INST/G_PROBE_OUT[10].PROBE_OUT0_INST/data_int_reg[1]' (FDRE) to 'inst/PROBE_OUT_ALL_INST/G_PROBE_OUT[10].PROBE_OUT0_INST/data_int_reg[2]'
INFO: [Synth 8-3886] merging instance 'inst/PROBE_OUT_ALL_INST/G_PROBE_OUT[9].PROBE_OUT0_INST/data_int_reg[1]' (FDRE) to 'inst/PROBE_OUT_ALL_INST/G_PROBE_OUT[9].PROBE_OUT0_INST/data_int_reg[2]'
INFO: [Synth 8-3886] merging instance 'inst/PROBE_OUT_ALL_INST/G_PROBE_OUT[8].PROBE_OUT0_INST/data_int_reg[1]' (FDRE) to 'inst/PROBE_OUT_ALL_INST/G_PROBE_OUT[8].PROBE_OUT0_INST/data_int_reg[2]'
INFO: [Synth 8-3886] merging instance 'inst/PROBE_OUT_ALL_INST/G_PROBE_OUT[7].PROBE_OUT0_INST/data_int_reg[1]' (FDRE) to 'inst/PROBE_OUT_ALL_INST/G_PROBE_OUT[7].PROBE_OUT0_INST/data_int_reg[2]'
INFO: [Synth 8-3886] merging instance 'inst/PROBE_OUT_ALL_INST/G_PROBE_OUT[6].PROBE_OUT0_INST/data_int_reg[1]' (FDRE) to 'inst/PROBE_OUT_ALL_INST/G_PROBE_OUT[6].PROBE_OUT0_INST/data_int_reg[2]'
INFO: [Synth 8-3886] merging instance 'inst/PROBE_OUT_ALL_INST/G_PROBE_OUT[5].PROBE_OUT0_INST/data_int_reg[1]' (FDRE) to 'inst/PROBE_OUT_ALL_INST/G_PROBE_OUT[5].PROBE_OUT0_INST/data_int_reg[2]'
INFO: [Synth 8-3886] merging instance 'inst/PROBE_OUT_ALL_INST/G_PROBE_OUT[4].PROBE_OUT0_INST/data_int_reg[1]' (FDRE) to 'inst/PROBE_OUT_ALL_INST/G_PROBE_OUT[4].PROBE_OUT0_INST/data_int_reg[2]'
INFO: [Synth 8-3886] merging instance 'inst/PROBE_OUT_ALL_INST/G_PROBE_OUT[3].PROBE_OUT0_INST/data_int_reg[1]' (FDRE) to 'inst/PROBE_OUT_ALL_INST/G_PROBE_OUT[3].PROBE_OUT0_INST/data_int_reg[2]'
INFO: [Synth 8-3886] merging instance 'inst/PROBE_OUT_ALL_INST/G_PROBE_OUT[2].PROBE_OUT0_INST/data_int_reg[1]' (FDRE) to 'inst/PROBE_OUT_ALL_INST/G_PROBE_OUT[2].PROBE_OUT0_INST/data_int_reg[2]'
INFO: [Synth 8-3886] merging instance 'inst/PROBE_OUT_ALL_INST/G_PROBE_OUT[1].PROBE_OUT0_INST/data_int_reg[1]' (FDRE) to 'inst/PROBE_OUT_ALL_INST/G_PROBE_OUT[1].PROBE_OUT0_INST/data_int_reg[2]'
INFO: [Synth 8-3886] merging instance 'inst/PROBE_OUT_ALL_INST/G_PROBE_OUT[63].PROBE_OUT0_INST/data_int_reg[2]' (FDRE) to 'inst/PROBE_OUT_ALL_INST/G_PROBE_OUT[63].PROBE_OUT0_INST/data_int_reg[3]'
INFO: [Synth 8-3886] merging instance 'inst/PROBE_OUT_ALL_INST/G_PROBE_OUT[62].PROBE_OUT0_INST/data_int_reg[2]' (FDRE) to 'inst/PROBE_OUT_ALL_INST/G_PROBE_OUT[62].PROBE_OUT0_INST/data_int_reg[3]'
INFO: [Synth 8-3886] merging instance 'inst/PROBE_OUT_ALL_INST/G_PROBE_OUT[61].PROBE_OUT0_INST/data_int_reg[2]' (FDRE) to 'inst/PROBE_OUT_ALL_INST/G_PROBE_OUT[61].PROBE_OUT0_INST/data_int_reg[3]'
INFO: [Synth 8-3886] merging instance 'inst/PROBE_OUT_ALL_INST/G_PROBE_OUT[60].PROBE_OUT0_INST/data_int_reg[2]' (FDRE) to 'inst/PROBE_OUT_ALL_INST/G_PROBE_OUT[60].PROBE_OUT0_INST/data_int_reg[3]'
INFO: [Synth 8-3886] merging instance 'inst/PROBE_OUT_ALL_INST/G_PROBE_OUT[59].PROBE_OUT0_INST/data_int_reg[2]' (FDRE) to 'inst/PROBE_OUT_ALL_INST/G_PROBE_OUT[59].PROBE_OUT0_INST/data_int_reg[3]'
INFO: [Synth 8-3886] merging instance 'inst/PROBE_OUT_ALL_INST/G_PROBE_OUT[58].PROBE_OUT0_INST/data_int_reg[2]' (FDRE) to 'inst/PROBE_OUT_ALL_INST/G_PROBE_OUT[58].PROBE_OUT0_INST/data_int_reg[3]'
INFO: [Synth 8-3886] merging instance 'inst/PROBE_OUT_ALL_INST/G_PROBE_OUT[57].PROBE_OUT0_INST/data_int_reg[2]' (FDRE) to 'inst/PROBE_OUT_ALL_INST/G_PROBE_OUT[57].PROBE_OUT0_INST/data_int_reg[3]'
INFO: [Synth 8-3886] merging instance 'inst/PROBE_OUT_ALL_INST/G_PROBE_OUT[56].PROBE_OUT0_INST/data_int_reg[2]' (FDRE) to 'inst/PROBE_OUT_ALL_INST/G_PROBE_OUT[56].PROBE_OUT0_INST/data_int_reg[3]'
INFO: [Synth 8-3886] merging instance 'inst/PROBE_OUT_ALL_INST/G_PROBE_OUT[55].PROBE_OUT0_INST/data_int_reg[2]' (FDRE) to 'inst/PROBE_OUT_ALL_INST/G_PROBE_OUT[55].PROBE_OUT0_INST/data_int_reg[3]'
INFO: [Synth 8-3886] merging instance 'inst/PROBE_OUT_ALL_INST/G_PROBE_OUT[54].PROBE_OUT0_INST/data_int_reg[2]' (FDRE) to 'inst/PROBE_OUT_ALL_INST/G_PROBE_OUT[54].PROBE_OUT0_INST/data_int_reg[3]'
INFO: [Synth 8-3886] merging instance 'inst/PROBE_OUT_ALL_INST/G_PROBE_OUT[53].PROBE_OUT0_INST/data_int_reg[2]' (FDRE) to 'inst/PROBE_OUT_ALL_INST/G_PROBE_OUT[53].PROBE_OUT0_INST/data_int_reg[3]'
INFO: [Synth 8-3886] merging instance 'inst/PROBE_OUT_ALL_INST/G_PROBE_OUT[52].PROBE_OUT0_INST/data_int_reg[2]' (FDRE) to 'inst/PROBE_OUT_ALL_INST/G_PROBE_OUT[52].PROBE_OUT0_INST/data_int_reg[3]'
INFO: [Synth 8-3886] merging instance 'inst/PROBE_OUT_ALL_INST/G_PROBE_OUT[51].PROBE_OUT0_INST/data_int_reg[2]' (FDRE) to 'inst/PROBE_OUT_ALL_INST/G_PROBE_OUT[51].PROBE_OUT0_INST/data_int_reg[3]'
INFO: [Synth 8-3886] merging instance 'inst/PROBE_OUT_ALL_INST/G_PROBE_OUT[50].PROBE_OUT0_INST/data_int_reg[2]' (FDRE) to 'inst/PROBE_OUT_ALL_INST/G_PROBE_OUT[50].PROBE_OUT0_INST/data_int_reg[3]'
INFO: [Synth 8-3886] merging instance 'inst/PROBE_OUT_ALL_INST/G_PROBE_OUT[49].PROBE_OUT0_INST/data_int_reg[2]' (FDRE) to 'inst/PROBE_OUT_ALL_INST/G_PROBE_OUT[49].PROBE_OUT0_INST/data_int_reg[3]'
INFO: [Synth 8-3886] merging instance 'inst/PROBE_OUT_ALL_INST/G_PROBE_OUT[48].PROBE_OUT0_INST/data_int_reg[2]' (FDRE) to 'inst/PROBE_OUT_ALL_INST/G_PROBE_OUT[48].PROBE_OUT0_INST/data_int_reg[3]'
INFO: [Synth 8-3886] merging instance 'inst/PROBE_OUT_ALL_INST/G_PROBE_OUT[47].PROBE_OUT0_INST/data_int_reg[2]' (FDRE) to 'inst/PROBE_OUT_ALL_INST/G_PROBE_OUT[47].PROBE_OUT0_INST/data_int_reg[3]'
INFO: [Synth 8-3886] merging instance 'inst/PROBE_OUT_ALL_INST/G_PROBE_OUT[46].PROBE_OUT0_INST/data_int_reg[2]' (FDRE) to 'inst/PROBE_OUT_ALL_INST/G_PROBE_OUT[46].PROBE_OUT0_INST/data_int_reg[3]'
INFO: [Synth 8-3886] merging instance 'inst/PROBE_OUT_ALL_INST/G_PROBE_OUT[45].PROBE_OUT0_INST/data_int_reg[2]' (FDRE) to 'inst/PROBE_OUT_ALL_INST/G_PROBE_OUT[45].PROBE_OUT0_INST/data_int_reg[3]'
INFO: [Synth 8-3886] merging instance 'inst/PROBE_OUT_ALL_INST/G_PROBE_OUT[44].PROBE_OUT0_INST/data_int_reg[2]' (FDRE) to 'inst/PROBE_OUT_ALL_INST/G_PROBE_OUT[44].PROBE_OUT0_INST/data_int_reg[3]'
INFO: [Synth 8-3886] merging instance 'inst/PROBE_OUT_ALL_INST/G_PROBE_OUT[43].PROBE_OUT0_INST/data_int_reg[2]' (FDRE) to 'inst/PROBE_OUT_ALL_INST/G_PROBE_OUT[43].PROBE_OUT0_INST/data_int_reg[3]'
INFO: [Synth 8-3886] merging instance 'inst/PROBE_OUT_ALL_INST/G_PROBE_OUT[42].PROBE_OUT0_INST/data_int_reg[2]' (FDRE) to 'inst/PROBE_OUT_ALL_INST/G_PROBE_OUT[42].PROBE_OUT0_INST/data_int_reg[3]'
INFO: [Synth 8-3886] merging instance 'inst/PROBE_OUT_ALL_INST/G_PROBE_OUT[41].PROBE_OUT0_INST/data_int_reg[2]' (FDRE) to 'inst/PROBE_OUT_ALL_INST/G_PROBE_OUT[41].PROBE_OUT0_INST/data_int_reg[3]'
INFO: [Synth 8-3886] merging instance 'inst/PROBE_OUT_ALL_INST/G_PROBE_OUT[40].PROBE_OUT0_INST/data_int_reg[2]' (FDRE) to 'inst/PROBE_OUT_ALL_INST/G_PROBE_OUT[40].PROBE_OUT0_INST/data_int_reg[3]'
INFO: [Synth 8-3886] merging instance 'inst/PROBE_OUT_ALL_INST/G_PROBE_OUT[39].PROBE_OUT0_INST/data_int_reg[2]' (FDRE) to 'inst/PROBE_OUT_ALL_INST/G_PROBE_OUT[39].PROBE_OUT0_INST/data_int_reg[3]'
INFO: [Synth 8-3886] merging instance 'inst/PROBE_OUT_ALL_INST/G_PROBE_OUT[38].PROBE_OUT0_INST/data_int_reg[2]' (FDRE) to 'inst/PROBE_OUT_ALL_INST/G_PROBE_OUT[38].PROBE_OUT0_INST/data_int_reg[3]'
INFO: [Synth 8-3886] merging instance 'inst/PROBE_OUT_ALL_INST/G_PROBE_OUT[37].PROBE_OUT0_INST/data_int_reg[2]' (FDRE) to 'inst/PROBE_OUT_ALL_INST/G_PROBE_OUT[37].PROBE_OUT0_INST/data_int_reg[3]'
INFO: [Synth 8-3886] merging instance 'inst/PROBE_OUT_ALL_INST/G_PROBE_OUT[36].PROBE_OUT0_INST/data_int_reg[2]' (FDRE) to 'inst/PROBE_OUT_ALL_INST/G_PROBE_OUT[36].PROBE_OUT0_INST/data_int_reg[3]'
INFO: [Synth 8-3886] merging instance 'inst/PROBE_OUT_ALL_INST/G_PROBE_OUT[35].PROBE_OUT0_INST/data_int_reg[2]' (FDRE) to 'inst/PROBE_OUT_ALL_INST/G_PROBE_OUT[35].PROBE_OUT0_INST/data_int_reg[3]'
INFO: [Synth 8-3886] merging instance 'inst/PROBE_OUT_ALL_INST/G_PROBE_OUT[34].PROBE_OUT0_INST/data_int_reg[2]' (FDRE) to 'inst/PROBE_OUT_ALL_INST/G_PROBE_OUT[34].PROBE_OUT0_INST/data_int_reg[3]'
INFO: [Synth 8-3886] merging instance 'inst/PROBE_OUT_ALL_INST/G_PROBE_OUT[33].PROBE_OUT0_INST/data_int_reg[2]' (FDRE) to 'inst/PROBE_OUT_ALL_INST/G_PROBE_OUT[33].PROBE_OUT0_INST/data_int_reg[3]'
INFO: [Synth 8-3886] merging instance 'inst/PROBE_OUT_ALL_INST/G_PROBE_OUT[32].PROBE_OUT0_INST/data_int_reg[2]' (FDRE) to 'inst/PROBE_OUT_ALL_INST/G_PROBE_OUT[32].PROBE_OUT0_INST/data_int_reg[3]'
INFO: [Synth 8-3886] merging instance 'inst/PROBE_OUT_ALL_INST/G_PROBE_OUT[31].PROBE_OUT0_INST/data_int_reg[2]' (FDRE) to 'inst/PROBE_OUT_ALL_INST/G_PROBE_OUT[31].PROBE_OUT0_INST/data_int_reg[3]'
INFO: [Synth 8-3886] merging instance 'inst/PROBE_OUT_ALL_INST/G_PROBE_OUT[30].PROBE_OUT0_INST/data_int_reg[2]' (FDRE) to 'inst/PROBE_OUT_ALL_INST/G_PROBE_OUT[30].PROBE_OUT0_INST/data_int_reg[3]'
INFO: [Synth 8-3886] merging instance 'inst/PROBE_OUT_ALL_INST/G_PROBE_OUT[29].PROBE_OUT0_INST/data_int_reg[2]' (FDRE) to 'inst/PROBE_OUT_ALL_INST/G_PROBE_OUT[29].PROBE_OUT0_INST/data_int_reg[3]'
INFO: [Synth 8-3886] merging instance 'inst/PROBE_OUT_ALL_INST/G_PROBE_OUT[28].PROBE_OUT0_INST/data_int_reg[2]' (FDRE) to 'inst/PROBE_OUT_ALL_INST/G_PROBE_OUT[28].PROBE_OUT0_INST/data_int_reg[3]'
INFO: [Synth 8-3886] merging instance 'inst/PROBE_OUT_ALL_INST/G_PROBE_OUT[27].PROBE_OUT0_INST/data_int_reg[2]' (FDRE) to 'inst/PROBE_OUT_ALL_INST/G_PROBE_OUT[27].PROBE_OUT0_INST/data_int_reg[3]'
INFO: [Common 17-14] Message 'Synth 8-3886' appears 100 times and further instances of the messages will be disabled. Use the Tcl command set_msg_config to change the current settings.
INFO: [Synth 8-3333] propagating constant 0 across sequential element (inst/\PROBE_OUT_ALL_INST/G_PROBE_OUT[63].PROBE_OUT0_INST/data_int_reg[15] )
INFO: [Synth 8-3333] propagating constant 0 across sequential element (inst/\PROBE_OUT_ALL_INST/G_PROBE_OUT[62].PROBE_OUT0_INST/data_int_reg[15] )
INFO: [Synth 8-3333] propagating constant 0 across sequential element (inst/\PROBE_OUT_ALL_INST/G_PROBE_OUT[61].PROBE_OUT0_INST/data_int_reg[15] )
INFO: [Synth 8-3333] propagating constant 0 across sequential element (inst/\PROBE_OUT_ALL_INST/G_PROBE_OUT[60].PROBE_OUT0_INST/data_int_reg[15] )
INFO: [Synth 8-3333] propagating constant 0 across sequential element (inst/\PROBE_OUT_ALL_INST/G_PROBE_OUT[59].PROBE_OUT0_INST/data_int_reg[15] )
INFO: [Synth 8-3333] propagating constant 0 across sequential element (inst/\PROBE_OUT_ALL_INST/G_PROBE_OUT[58].PROBE_OUT0_INST/data_int_reg[15] )
INFO: [Synth 8-3333] propagating constant 0 across sequential element (inst/\PROBE_OUT_ALL_INST/G_PROBE_OUT[57].PROBE_OUT0_INST/data_int_reg[15] )
INFO: [Synth 8-3333] propagating constant 0 across sequential element (inst/\PROBE_OUT_ALL_INST/G_PROBE_OUT[56].PROBE_OUT0_INST/data_int_reg[15] )
INFO: [Synth 8-3333] propagating constant 0 across sequential element (inst/\PROBE_OUT_ALL_INST/G_PROBE_OUT[55].PROBE_OUT0_INST/data_int_reg[15] )
INFO: [Synth 8-3333] propagating constant 0 across sequential element (inst/\PROBE_OUT_ALL_INST/G_PROBE_OUT[54].PROBE_OUT0_INST/data_int_reg[15] )
INFO: [Synth 8-3333] propagating constant 0 across sequential element (inst/\PROBE_OUT_ALL_INST/G_PROBE_OUT[53].PROBE_OUT0_INST/data_int_reg[15] )
INFO: [Synth 8-3333] propagating constant 0 across sequential element (inst/\PROBE_OUT_ALL_INST/G_PROBE_OUT[52].PROBE_OUT0_INST/data_int_reg[15] )
INFO: [Synth 8-3333] propagating constant 0 across sequential element (inst/\PROBE_OUT_ALL_INST/G_PROBE_OUT[51].PROBE_OUT0_INST/data_int_reg[15] )
INFO: [Synth 8-3333] propagating constant 0 across sequential element (inst/\PROBE_OUT_ALL_INST/G_PROBE_OUT[50].PROBE_OUT0_INST/data_int_reg[15] )
INFO: [Synth 8-3333] propagating constant 0 across sequential element (inst/\PROBE_OUT_ALL_INST/G_PROBE_OUT[49].PROBE_OUT0_INST/data_int_reg[15] )
INFO: [Synth 8-3333] propagating constant 0 across sequential element (inst/\PROBE_OUT_ALL_INST/G_PROBE_OUT[48].PROBE_OUT0_INST/data_int_reg[15] )
INFO: [Synth 8-3333] propagating constant 0 across sequential element (inst/\PROBE_OUT_ALL_INST/G_PROBE_OUT[47].PROBE_OUT0_INST/data_int_reg[15] )
INFO: [Synth 8-3333] propagating constant 0 across sequential element (inst/\PROBE_OUT_ALL_INST/G_PROBE_OUT[46].PROBE_OUT0_INST/data_int_reg[15] )
INFO: [Synth 8-3333] propagating constant 0 across sequential element (inst/\PROBE_OUT_ALL_INST/G_PROBE_OUT[45].PROBE_OUT0_INST/data_int_reg[15] )
INFO: [Synth 8-3333] propagating constant 0 across sequential element (inst/\PROBE_OUT_ALL_INST/G_PROBE_OUT[44].PROBE_OUT0_INST/data_int_reg[15] )
INFO: [Synth 8-3333] propagating constant 0 across sequential element (inst/\PROBE_OUT_ALL_INST/G_PROBE_OUT[43].PROBE_OUT0_INST/data_int_reg[15] )
INFO: [Synth 8-3333] propagating constant 0 across sequential element (inst/\PROBE_OUT_ALL_INST/G_PROBE_OUT[42].PROBE_OUT0_INST/data_int_reg[15] )
INFO: [Synth 8-3333] propagating constant 0 across sequential element (inst/\PROBE_OUT_ALL_INST/G_PROBE_OUT[41].PROBE_OUT0_INST/data_int_reg[15] )
INFO: [Synth 8-3333] propagating constant 0 across sequential element (inst/\PROBE_OUT_ALL_INST/G_PROBE_OUT[40].PROBE_OUT0_INST/data_int_reg[15] )
INFO: [Synth 8-3333] propagating constant 0 across sequential element (inst/\PROBE_OUT_ALL_INST/G_PROBE_OUT[39].PROBE_OUT0_INST/data_int_reg[15] )
INFO: [Synth 8-3333] propagating constant 0 across sequential element (inst/\PROBE_OUT_ALL_INST/G_PROBE_OUT[38].PROBE_OUT0_INST/data_int_reg[15] )
INFO: [Synth 8-3333] propagating constant 0 across sequential element (inst/\PROBE_OUT_ALL_INST/G_PROBE_OUT[37].PROBE_OUT0_INST/data_int_reg[15] )
INFO: [Synth 8-3333] propagating constant 0 across sequential element (inst/\PROBE_OUT_ALL_INST/G_PROBE_OUT[36].PROBE_OUT0_INST/data_int_reg[15] )
INFO: [Synth 8-3333] propagating constant 0 across sequential element (inst/\PROBE_OUT_ALL_INST/G_PROBE_OUT[35].PROBE_OUT0_INST/data_int_reg[15] )
INFO: [Synth 8-3333] propagating constant 0 across sequential element (inst/\PROBE_OUT_ALL_INST/G_PROBE_OUT[34].PROBE_OUT0_INST/data_int_reg[15] )
INFO: [Synth 8-3333] propagating constant 0 across sequential element (inst/\PROBE_OUT_ALL_INST/G_PROBE_OUT[33].PROBE_OUT0_INST/data_int_reg[15] )
INFO: [Synth 8-3333] propagating constant 0 across sequential element (inst/\PROBE_OUT_ALL_INST/G_PROBE_OUT[32].PROBE_OUT0_INST/data_int_reg[15] )
INFO: [Synth 8-3333] propagating constant 0 across sequential element (inst/\PROBE_OUT_ALL_INST/G_PROBE_OUT[31].PROBE_OUT0_INST/data_int_reg[15] )
INFO: [Synth 8-3333] propagating constant 0 across sequential element (inst/\PROBE_OUT_ALL_INST/G_PROBE_OUT[30].PROBE_OUT0_INST/data_int_reg[15] )
INFO: [Synth 8-3333] propagating constant 0 across sequential element (inst/\PROBE_OUT_ALL_INST/G_PROBE_OUT[29].PROBE_OUT0_INST/data_int_reg[15] )
INFO: [Synth 8-3333] propagating constant 0 across sequential element (inst/\PROBE_OUT_ALL_INST/G_PROBE_OUT[28].PROBE_OUT0_INST/data_int_reg[15] )
INFO: [Synth 8-3333] propagating constant 0 across sequential element (inst/\PROBE_OUT_ALL_INST/G_PROBE_OUT[27].PROBE_OUT0_INST/data_int_reg[15] )
INFO: [Synth 8-3333] propagating constant 0 across sequential element (inst/\PROBE_OUT_ALL_INST/G_PROBE_OUT[26].PROBE_OUT0_INST/data_int_reg[15] )
INFO: [Synth 8-3333] propagating constant 0 across sequential element (inst/\PROBE_OUT_ALL_INST/G_PROBE_OUT[25].PROBE_OUT0_INST/data_int_reg[15] )
INFO: [Synth 8-3333] propagating constant 0 across sequential element (inst/\PROBE_OUT_ALL_INST/G_PROBE_OUT[24].PROBE_OUT0_INST/data_int_reg[15] )
INFO: [Synth 8-3333] propagating constant 0 across sequential element (inst/\PROBE_OUT_ALL_INST/G_PROBE_OUT[23].PROBE_OUT0_INST/data_int_reg[15] )
INFO: [Synth 8-3333] propagating constant 0 across sequential element (inst/\PROBE_OUT_ALL_INST/G_PROBE_OUT[22].PROBE_OUT0_INST/data_int_reg[15] )
INFO: [Synth 8-3333] propagating constant 0 across sequential element (inst/\PROBE_OUT_ALL_INST/G_PROBE_OUT[21].PROBE_OUT0_INST/data_int_reg[15] )
INFO: [Synth 8-3333] propagating constant 0 across sequential element (inst/\PROBE_OUT_ALL_INST/G_PROBE_OUT[20].PROBE_OUT0_INST/data_int_reg[15] )
INFO: [Synth 8-3333] propagating constant 0 across sequential element (inst/\PROBE_OUT_ALL_INST/G_PROBE_OUT[19].PROBE_OUT0_INST/data_int_reg[15] )
INFO: [Synth 8-3333] propagating constant 0 across sequential element (inst/\PROBE_OUT_ALL_INST/G_PROBE_OUT[18].PROBE_OUT0_INST/data_int_reg[15] )
INFO: [Synth 8-3333] propagating constant 0 across sequential element (inst/\PROBE_OUT_ALL_INST/G_PROBE_OUT[17].PROBE_OUT0_INST/data_int_reg[15] )
INFO: [Synth 8-3333] propagating constant 0 across sequential element (inst/\PROBE_OUT_ALL_INST/G_PROBE_OUT[16].PROBE_OUT0_INST/data_int_reg[15] )
INFO: [Synth 8-3333] propagating constant 0 across sequential element (inst/\PROBE_OUT_ALL_INST/G_PROBE_OUT[15].PROBE_OUT0_INST/data_int_reg[15] )
INFO: [Synth 8-3333] propagating constant 0 across sequential element (inst/\PROBE_OUT_ALL_INST/G_PROBE_OUT[14].PROBE_OUT0_INST/data_int_reg[15] )
INFO: [Synth 8-3333] propagating constant 0 across sequential element (inst/\PROBE_OUT_ALL_INST/G_PROBE_OUT[13].PROBE_OUT0_INST/data_int_reg[15] )
INFO: [Synth 8-3333] propagating constant 0 across sequential element (inst/\PROBE_OUT_ALL_INST/G_PROBE_OUT[12].PROBE_OUT0_INST/data_int_reg[15] )
INFO: [Synth 8-3333] propagating constant 0 across sequential element (inst/\PROBE_OUT_ALL_INST/G_PROBE_OUT[11].PROBE_OUT0_INST/data_int_reg[15] )
INFO: [Synth 8-3333] propagating constant 0 across sequential element (inst/\PROBE_OUT_ALL_INST/G_PROBE_OUT[10].PROBE_OUT0_INST/data_int_reg[15] )
INFO: [Synth 8-3333] propagating constant 0 across sequential element (inst/\PROBE_OUT_ALL_INST/G_PROBE_OUT[9].PROBE_OUT0_INST/data_int_reg[15] )
INFO: [Synth 8-3333] propagating constant 0 across sequential element (inst/\PROBE_OUT_ALL_INST/G_PROBE_OUT[8].PROBE_OUT0_INST/data_int_reg[15] )
INFO: [Synth 8-3333] propagating constant 0 across sequential element (inst/\PROBE_OUT_ALL_INST/G_PROBE_OUT[7].PROBE_OUT0_INST/data_int_reg[15] )
INFO: [Synth 8-3333] propagating constant 0 across sequential element (inst/\PROBE_OUT_ALL_INST/G_PROBE_OUT[6].PROBE_OUT0_INST/data_int_reg[15] )
INFO: [Synth 8-3333] propagating constant 0 across sequential element (inst/\PROBE_OUT_ALL_INST/G_PROBE_OUT[5].PROBE_OUT0_INST/data_int_reg[15] )
INFO: [Synth 8-3333] propagating constant 0 across sequential element (inst/\PROBE_OUT_ALL_INST/G_PROBE_OUT[4].PROBE_OUT0_INST/data_int_reg[15] )
INFO: [Synth 8-3333] propagating constant 0 across sequential element (inst/\PROBE_OUT_ALL_INST/G_PROBE_OUT[3].PROBE_OUT0_INST/data_int_reg[15] )
INFO: [Synth 8-3333] propagating constant 0 across sequential element (inst/\PROBE_OUT_ALL_INST/G_PROBE_OUT[2].PROBE_OUT0_INST/data_int_reg[15] )
INFO: [Synth 8-3333] propagating constant 0 across sequential element (inst/\PROBE_OUT_ALL_INST/G_PROBE_OUT[1].PROBE_OUT0_INST/data_int_reg[15] )
INFO: [Synth 8-3332] Sequential element (PROBE_OUT_ALL_INST/G_PROBE_OUT[1].PROBE_OUT0_INST/data_int_reg[15]) is unused and will be removed from module vio_v3_0_18_vio.
INFO: [Synth 8-3332] Sequential element (PROBE_OUT_ALL_INST/G_PROBE_OUT[2].PROBE_OUT0_INST/data_int_reg[15]) is unused and will be removed from module vio_v3_0_18_vio.
INFO: [Synth 8-3332] Sequential element (PROBE_OUT_ALL_INST/G_PROBE_OUT[3].PROBE_OUT0_INST/data_int_reg[15]) is unused and will be removed from module vio_v3_0_18_vio.
INFO: [Synth 8-3332] Sequential element (PROBE_OUT_ALL_INST/G_PROBE_OUT[4].PROBE_OUT0_INST/data_int_reg[15]) is unused and will be removed from module vio_v3_0_18_vio.
INFO: [Synth 8-3332] Sequential element (PROBE_OUT_ALL_INST/G_PROBE_OUT[5].PROBE_OUT0_INST/data_int_reg[15]) is unused and will be removed from module vio_v3_0_18_vio.
INFO: [Synth 8-3332] Sequential element (PROBE_OUT_ALL_INST/G_PROBE_OUT[6].PROBE_OUT0_INST/data_int_reg[15]) is unused and will be removed from module vio_v3_0_18_vio.
INFO: [Synth 8-3332] Sequential element (PROBE_OUT_ALL_INST/G_PROBE_OUT[7].PROBE_OUT0_INST/data_int_reg[15]) is unused and will be removed from module vio_v3_0_18_vio.
INFO: [Synth 8-3332] Sequential element (PROBE_OUT_ALL_INST/G_PROBE_OUT[8].PROBE_OUT0_INST/data_int_reg[15]) is unused and will be removed from module vio_v3_0_18_vio.
INFO: [Synth 8-3332] Sequential element (PROBE_OUT_ALL_INST/G_PROBE_OUT[9].PROBE_OUT0_INST/data_int_reg[15]) is unused and will be removed from module vio_v3_0_18_vio.
INFO: [Synth 8-3332] Sequential element (PROBE_OUT_ALL_INST/G_PROBE_OUT[10].PROBE_OUT0_INST/data_int_reg[15]) is unused and will be removed from module vio_v3_0_18_vio.
INFO: [Synth 8-3332] Sequential element (PROBE_OUT_ALL_INST/G_PROBE_OUT[11].PROBE_OUT0_INST/data_int_reg[15]) is unused and will be removed from module vio_v3_0_18_vio.
INFO: [Synth 8-3332] Sequential element (PROBE_OUT_ALL_INST/G_PROBE_OUT[12].PROBE_OUT0_INST/data_int_reg[15]) is unused and will be removed from module vio_v3_0_18_vio.
INFO: [Synth 8-3332] Sequential element (PROBE_OUT_ALL_INST/G_PROBE_OUT[13].PROBE_OUT0_INST/data_int_reg[15]) is unused and will be removed from module vio_v3_0_18_vio.
INFO: [Synth 8-3332] Sequential element (PROBE_OUT_ALL_INST/G_PROBE_OUT[14].PROBE_OUT0_INST/data_int_reg[15]) is unused and will be removed from module vio_v3_0_18_vio.
INFO: [Synth 8-3332] Sequential element (PROBE_OUT_ALL_INST/G_PROBE_OUT[15].PROBE_OUT0_INST/data_int_reg[15]) is unused and will be removed from module vio_v3_0_18_vio.
INFO: [Synth 8-3332] Sequential element (PROBE_OUT_ALL_INST/G_PROBE_OUT[16].PROBE_OUT0_INST/data_int_reg[15]) is unused and will be removed from module vio_v3_0_18_vio.
INFO: [Synth 8-3332] Sequential element (PROBE_OUT_ALL_INST/G_PROBE_OUT[17].PROBE_OUT0_INST/data_int_reg[15]) is unused and will be removed from module vio_v3_0_18_vio.
INFO: [Synth 8-3332] Sequential element (PROBE_OUT_ALL_INST/G_PROBE_OUT[18].PROBE_OUT0_INST/data_int_reg[15]) is unused and will be removed from module vio_v3_0_18_vio.
INFO: [Synth 8-3332] Sequential element (PROBE_OUT_ALL_INST/G_PROBE_OUT[19].PROBE_OUT0_INST/data_int_reg[15]) is unused and will be removed from module vio_v3_0_18_vio.
INFO: [Synth 8-3332] Sequential element (PROBE_OUT_ALL_INST/G_PROBE_OUT[20].PROBE_OUT0_INST/data_int_reg[15]) is unused and will be removed from module vio_v3_0_18_vio.
INFO: [Synth 8-3332] Sequential element (PROBE_OUT_ALL_INST/G_PROBE_OUT[21].PROBE_OUT0_INST/data_int_reg[15]) is unused and will be removed from module vio_v3_0_18_vio.
INFO: [Synth 8-3332] Sequential element (PROBE_OUT_ALL_INST/G_PROBE_OUT[22].PROBE_OUT0_INST/data_int_reg[15]) is unused and will be removed from module vio_v3_0_18_vio.
INFO: [Synth 8-3332] Sequential element (PROBE_OUT_ALL_INST/G_PROBE_OUT[23].PROBE_OUT0_INST/data_int_reg[15]) is unused and will be removed from module vio_v3_0_18_vio.
INFO: [Synth 8-3332] Sequential element (PROBE_OUT_ALL_INST/G_PROBE_OUT[24].PROBE_OUT0_INST/data_int_reg[15]) is unused and will be removed from module vio_v3_0_18_vio.
INFO: [Synth 8-3332] Sequential element (PROBE_OUT_ALL_INST/G_PROBE_OUT[25].PROBE_OUT0_INST/data_int_reg[15]) is unused and will be removed from module vio_v3_0_18_vio.
INFO: [Synth 8-3332] Sequential element (PROBE_OUT_ALL_INST/G_PROBE_OUT[26].PROBE_OUT0_INST/data_int_reg[15]) is unused and will be removed from module vio_v3_0_18_vio.
INFO: [Synth 8-3332] Sequential element (PROBE_OUT_ALL_INST/G_PROBE_OUT[27].PROBE_OUT0_INST/data_int_reg[15]) is unused and will be removed from module vio_v3_0_18_vio.
INFO: [Synth 8-3332] Sequential element (PROBE_OUT_ALL_INST/G_PROBE_OUT[28].PROBE_OUT0_INST/data_int_reg[15]) is unused and will be removed from module vio_v3_0_18_vio.
INFO: [Synth 8-3332] Sequential element (PROBE_OUT_ALL_INST/G_PROBE_OUT[29].PROBE_OUT0_INST/data_int_reg[15]) is unused and will be removed from module vio_v3_0_18_vio.
INFO: [Synth 8-3332] Sequential element (PROBE_OUT_ALL_INST/G_PROBE_OUT[30].PROBE_OUT0_INST/data_int_reg[15]) is unused and will be removed from module vio_v3_0_18_vio.
INFO: [Synth 8-3332] Sequential element (PROBE_OUT_ALL_INST/G_PROBE_OUT[31].PROBE_OUT0_INST/data_int_reg[15]) is unused and will be removed from module vio_v3_0_18_vio.
INFO: [Synth 8-3332] Sequential element (PROBE_OUT_ALL_INST/G_PROBE_OUT[32].PROBE_OUT0_INST/data_int_reg[15]) is unused and will be removed from module vio_v3_0_18_vio.
INFO: [Synth 8-3332] Sequential element (PROBE_OUT_ALL_INST/G_PROBE_OUT[33].PROBE_OUT0_INST/data_int_reg[15]) is unused and will be removed from module vio_v3_0_18_vio.
INFO: [Synth 8-3332] Sequential element (PROBE_OUT_ALL_INST/G_PROBE_OUT[34].PROBE_OUT0_INST/data_int_reg[15]) is unused and will be removed from module vio_v3_0_18_vio.
INFO: [Synth 8-3332] Sequential element (PROBE_OUT_ALL_INST/G_PROBE_OUT[35].PROBE_OUT0_INST/data_int_reg[15]) is unused and will be removed from module vio_v3_0_18_vio.
INFO: [Synth 8-3332] Sequential element (PROBE_OUT_ALL_INST/G_PROBE_OUT[36].PROBE_OUT0_INST/data_int_reg[15]) is unused and will be removed from module vio_v3_0_18_vio.
INFO: [Synth 8-3332] Sequential element (PROBE_OUT_ALL_INST/G_PROBE_OUT[37].PROBE_OUT0_INST/data_int_reg[15]) is unused and will be removed from module vio_v3_0_18_vio.
INFO: [Synth 8-3332] Sequential element (PROBE_OUT_ALL_INST/G_PROBE_OUT[38].PROBE_OUT0_INST/data_int_reg[15]) is unused and will be removed from module vio_v3_0_18_vio.
INFO: [Synth 8-3332] Sequential element (PROBE_OUT_ALL_INST/G_PROBE_OUT[39].PROBE_OUT0_INST/data_int_reg[15]) is unused and will be removed from module vio_v3_0_18_vio.
INFO: [Synth 8-3332] Sequential element (PROBE_OUT_ALL_INST/G_PROBE_OUT[40].PROBE_OUT0_INST/data_int_reg[15]) is unused and will be removed from module vio_v3_0_18_vio.
INFO: [Synth 8-3332] Sequential element (PROBE_OUT_ALL_INST/G_PROBE_OUT[41].PROBE_OUT0_INST/data_int_reg[15]) is unused and will be removed from module vio_v3_0_18_vio.
INFO: [Synth 8-3332] Sequential element (PROBE_OUT_ALL_INST/G_PROBE_OUT[42].PROBE_OUT0_INST/data_int_reg[15]) is unused and will be removed from module vio_v3_0_18_vio.
INFO: [Synth 8-3332] Sequential element (PROBE_OUT_ALL_INST/G_PROBE_OUT[43].PROBE_OUT0_INST/data_int_reg[15]) is unused and will be removed from module vio_v3_0_18_vio.
INFO: [Synth 8-3332] Sequential element (PROBE_OUT_ALL_INST/G_PROBE_OUT[44].PROBE_OUT0_INST/data_int_reg[15]) is unused and will be removed from module vio_v3_0_18_vio.
INFO: [Synth 8-3332] Sequential element (PROBE_OUT_ALL_INST/G_PROBE_OUT[45].PROBE_OUT0_INST/data_int_reg[15]) is unused and will be removed from module vio_v3_0_18_vio.
INFO: [Synth 8-3332] Sequential element (PROBE_OUT_ALL_INST/G_PROBE_OUT[46].PROBE_OUT0_INST/data_int_reg[15]) is unused and will be removed from module vio_v3_0_18_vio.
INFO: [Synth 8-3332] Sequential element (PROBE_OUT_ALL_INST/G_PROBE_OUT[47].PROBE_OUT0_INST/data_int_reg[15]) is unused and will be removed from module vio_v3_0_18_vio.
INFO: [Synth 8-3332] Sequential element (PROBE_OUT_ALL_INST/G_PROBE_OUT[48].PROBE_OUT0_INST/data_int_reg[15]) is unused and will be removed from module vio_v3_0_18_vio.
INFO: [Synth 8-3332] Sequential element (PROBE_OUT_ALL_INST/G_PROBE_OUT[49].PROBE_OUT0_INST/data_int_reg[15]) is unused and will be removed from module vio_v3_0_18_vio.
INFO: [Synth 8-3332] Sequential element (PROBE_OUT_ALL_INST/G_PROBE_OUT[50].PROBE_OUT0_INST/data_int_reg[15]) is unused and will be removed from module vio_v3_0_18_vio.
INFO: [Synth 8-3332] Sequential element (PROBE_OUT_ALL_INST/G_PROBE_OUT[51].PROBE_OUT0_INST/data_int_reg[15]) is unused and will be removed from module vio_v3_0_18_vio.
INFO: [Synth 8-3332] Sequential element (PROBE_OUT_ALL_INST/G_PROBE_OUT[52].PROBE_OUT0_INST/data_int_reg[15]) is unused and will be removed from module vio_v3_0_18_vio.
INFO: [Synth 8-3332] Sequential element (PROBE_OUT_ALL_INST/G_PROBE_OUT[53].PROBE_OUT0_INST/data_int_reg[15]) is unused and will be removed from module vio_v3_0_18_vio.
INFO: [Synth 8-3332] Sequential element (PROBE_OUT_ALL_INST/G_PROBE_OUT[54].PROBE_OUT0_INST/data_int_reg[15]) is unused and will be removed from module vio_v3_0_18_vio.
INFO: [Synth 8-3332] Sequential element (PROBE_OUT_ALL_INST/G_PROBE_OUT[55].PROBE_OUT0_INST/data_int_reg[15]) is unused and will be removed from module vio_v3_0_18_vio.
INFO: [Synth 8-3332] Sequential element (PROBE_OUT_ALL_INST/G_PROBE_OUT[56].PROBE_OUT0_INST/data_int_reg[15]) is unused and will be removed from module vio_v3_0_18_vio.
INFO: [Synth 8-3332] Sequential element (PROBE_OUT_ALL_INST/G_PROBE_OUT[57].PROBE_OUT0_INST/data_int_reg[15]) is unused and will be removed from module vio_v3_0_18_vio.
INFO: [Synth 8-3332] Sequential element (PROBE_OUT_ALL_INST/G_PROBE_OUT[58].PROBE_OUT0_INST/data_int_reg[15]) is unused and will be removed from module vio_v3_0_18_vio.
INFO: [Synth 8-3332] Sequential element (PROBE_OUT_ALL_INST/G_PROBE_OUT[59].PROBE_OUT0_INST/data_int_reg[15]) is unused and will be removed from module vio_v3_0_18_vio.
INFO: [Synth 8-3332] Sequential element (PROBE_OUT_ALL_INST/G_PROBE_OUT[60].PROBE_OUT0_INST/data_int_reg[15]) is unused and will be removed from module vio_v3_0_18_vio.
INFO: [Synth 8-3332] Sequential element (PROBE_OUT_ALL_INST/G_PROBE_OUT[61].PROBE_OUT0_INST/data_int_reg[15]) is unused and will be removed from module vio_v3_0_18_vio.
INFO: [Synth 8-3332] Sequential element (PROBE_OUT_ALL_INST/G_PROBE_OUT[62].PROBE_OUT0_INST/data_int_reg[15]) is unused and will be removed from module vio_v3_0_18_vio.
INFO: [Synth 8-3332] Sequential element (PROBE_OUT_ALL_INST/G_PROBE_OUT[63].PROBE_OUT0_INST/data_int_reg[15]) is unused and will be removed from module vio_v3_0_18_vio.
INFO: [Synth 8-3332] Sequential element (DECODER_INST/wr_en_reg[3]) is unused and will be removed from module vio_v3_0_18_vio.
INFO: [Synth 8-3332] Sequential element (DECODER_INST/wr_en_reg[1]) is unused and will be removed from module vio_v3_0_18_vio.
INFO: [Synth 8-3332] Sequential element (DECODER_INST/wr_en_reg[0]) is unused and will be removed from module vio_v3_0_18_vio.
INFO: [Synth 8-3332] Sequential element (DECODER_INST/rd_en_reg[4]) is unused and will be removed from module vio_v3_0_18_vio.
INFO: [Synth 8-3332] Sequential element (DECODER_INST/rd_en_reg[3]) is unused and will be removed from module vio_v3_0_18_vio.
INFO: [Synth 8-3332] Sequential element (DECODER_INST/rd_en_reg[2]) is unused and will be removed from module vio_v3_0_18_vio.
INFO: [Synth 8-3332] Sequential element (DECODER_INST/rd_en_reg[1]) is unused and will be removed from module vio_v3_0_18_vio.
INFO: [Synth 8-3332] Sequential element (DECODER_INST/rd_en_reg[0]) is unused and will be removed from module vio_v3_0_18_vio.
---------------------------------------------------------------------------------
Finished Cross Boundary and Area Optimization : Time (s): cpu = 00:02:30 ; elapsed = 00:03:16 . Memory (MB): peak = 796.199 ; gain = 493.508
---------------------------------------------------------------------------------

Report RTL Partitions: 
+-+--------------+------------+----------+
| |RTL Partition |Replication |Instances |
+-+--------------+------------+----------+
+-+--------------+------------+----------+
---------------------------------------------------------------------------------
Start Applying XDC Timing Constraints
---------------------------------------------------------------------------------
---------------------------------------------------------------------------------
Finished Applying XDC Timing Constraints : Time (s): cpu = 00:03:51 ; elapsed = 00:04:52 . Memory (MB): peak = 800.707 ; gain = 498.016
---------------------------------------------------------------------------------
---------------------------------------------------------------------------------
Start Timing Optimization
---------------------------------------------------------------------------------
---------------------------------------------------------------------------------
Finished Timing Optimization : Time (s): cpu = 00:03:52 ; elapsed = 00:04:53 . Memory (MB): peak = 802.848 ; gain = 500.156
---------------------------------------------------------------------------------

Report RTL Partitions: 
+-+--------------+------------+----------+
| |RTL Partition |Replication |Instances |
+-+--------------+------------+----------+
+-+--------------+------------+----------+
---------------------------------------------------------------------------------
Start Technology Mapping
---------------------------------------------------------------------------------
---------------------------------------------------------------------------------
Finished Technology Mapping : Time (s): cpu = 00:03:55 ; elapsed = 00:04:57 . Memory (MB): peak = 824.836 ; gain = 522.145
---------------------------------------------------------------------------------

Report RTL Partitions: 
+-+--------------+------------+----------+
| |RTL Partition |Replication |Instances |
+-+--------------+------------+----------+
+-+--------------+------------+----------+
---------------------------------------------------------------------------------
Start IO Insertion
---------------------------------------------------------------------------------
---------------------------------------------------------------------------------
Start Flattening Before IO Insertion
---------------------------------------------------------------------------------
---------------------------------------------------------------------------------
Finished Flattening Before IO Insertion
---------------------------------------------------------------------------------
---------------------------------------------------------------------------------
Start Final Netlist Cleanup
---------------------------------------------------------------------------------
INFO: [Synth 8-4618] Found max_fanout attribute set to 100 on net \PROBE_IN_INST/addr_count [0]. Fanout reduced from 103 to 52 by creating 1 replicas.
INFO: [Synth 8-4618] Found max_fanout attribute set to 100 on net \PROBE_IN_INST/addr_count [1]. Fanout reduced from 102 to 51 by creating 1 replicas.
INFO: [Synth 8-4618] Found max_fanout attribute set to 200 on net \PROBE_IN_INST/read_done . Fanout reduced from 254 to 127 by creating 1 replicas.
INFO: [Synth 8-3332] Sequential element (PROBE_OUT_ALL_INST/G_PROBE_OUT[0].PROBE_OUT0_INST/addr_count_reg[2]) is unused and will be removed from module vio_v3_0_18_vio.
---------------------------------------------------------------------------------
Finished Final Netlist Cleanup
---------------------------------------------------------------------------------
WARNING: [Synth 8-3295] tying undriven pin inst:sl_iport0[36] to constant 0
WARNING: [Synth 8-3295] tying undriven pin inst:sl_iport0[35] to constant 0
WARNING: [Synth 8-3295] tying undriven pin inst:sl_iport0[34] to constant 0
WARNING: [Synth 8-3295] tying undriven pin inst:sl_iport0[33] to constant 0
WARNING: [Synth 8-3295] tying undriven pin inst:sl_iport0[32] to constant 0
WARNING: [Synth 8-3295] tying undriven pin inst:sl_iport0[31] to constant 0
WARNING: [Synth 8-3295] tying undriven pin inst:sl_iport0[30] to constant 0
WARNING: [Synth 8-3295] tying undriven pin inst:sl_iport0[29] to constant 0
WARNING: [Synth 8-3295] tying undriven pin inst:sl_iport0[28] to constant 0
WARNING: [Synth 8-3295] tying undriven pin inst:sl_iport0[27] to constant 0
WARNING: [Synth 8-3295] tying undriven pin inst:sl_iport0[26] to constant 0
WARNING: [Synth 8-3295] tying undriven pin inst:sl_iport0[25] to constant 0
WARNING: [Synth 8-3295] tying undriven pin inst:sl_iport0[24] to constant 0
WARNING: [Synth 8-3295] tying undriven pin inst:sl_iport0[23] to constant 0
WARNING: [Synth 8-3295] tying undriven pin inst:sl_iport0[22] to constant 0
WARNING: [Synth 8-3295] tying undriven pin inst:sl_iport0[21] to constant 0
WARNING: [Synth 8-3295] tying undriven pin inst:sl_iport0[20] to constant 0
WARNING: [Synth 8-3295] tying undriven pin inst:sl_iport0[19] to constant 0
WARNING: [Synth 8-3295] tying undriven pin inst:sl_iport0[18] to constant 0
WARNING: [Synth 8-3295] tying undriven pin inst:sl_iport0[17] to constant 0
WARNING: [Synth 8-3295] tying undriven pin inst:sl_iport0[16] to constant 0
WARNING: [Synth 8-3295] tying undriven pin inst:sl_iport0[15] to constant 0
WARNING: [Synth 8-3295] tying undriven pin inst:sl_iport0[14] to constant 0
WARNING: [Synth 8-3295] tying undriven pin inst:sl_iport0[13] to constant 0
WARNING: [Synth 8-3295] tying undriven pin inst:sl_iport0[12] to constant 0
WARNING: [Synth 8-3295] tying undriven pin inst:sl_iport0[11] to constant 0
WARNING: [Synth 8-3295] tying undriven pin inst:sl_iport0[10] to constant 0
WARNING: [Synth 8-3295] tying undriven pin inst:sl_iport0[9] to constant 0
WARNING: [Synth 8-3295] tying undriven pin inst:sl_iport0[8] to constant 0
WARNING: [Synth 8-3295] tying undriven pin inst:sl_iport0[7] to constant 0
WARNING: [Synth 8-3295] tying undriven pin inst:sl_iport0[6] to constant 0
WARNING: [Synth 8-3295] tying undriven pin inst:sl_iport0[5] to constant 0
WARNING: [Synth 8-3295] tying undriven pin inst:sl_iport0[4] to constant 0
WARNING: [Synth 8-3295] tying undriven pin inst:sl_iport0[3] to constant 0
WARNING: [Synth 8-3295] tying undriven pin inst:sl_iport0[2] to constant 0
WARNING: [Synth 8-3295] tying undriven pin inst:sl_iport0[1] to constant 0
WARNING: [Synth 8-3295] tying undriven pin inst:sl_iport0[0] to constant 0
---------------------------------------------------------------------------------
Finished IO Insertion : Time (s): cpu = 00:04:00 ; elapsed = 00:05:02 . Memory (MB): peak = 824.836 ; gain = 522.145
---------------------------------------------------------------------------------

Report Check Netlist: 
+------+------------------+-------+---------+-------+------------------+
|      |Item              |Errors |Warnings |Status |Description       |
+------+------------------+-------+---------+-------+------------------+
|1     |multi_driven_nets |      0|        0|Passed |Multi driven nets |
+------+------------------+-------+---------+-------+------------------+
---------------------------------------------------------------------------------
Start Renaming Generated Instances
---------------------------------------------------------------------------------
---------------------------------------------------------------------------------
Finished Renaming Generated Instances : Time (s): cpu = 00:04:00 ; elapsed = 00:05:02 . Memory (MB): peak = 824.836 ; gain = 522.145
---------------------------------------------------------------------------------

Report RTL Partitions: 
+-+--------------+------------+----------+
| |RTL Partition |Replication |Instances |
+-+--------------+------------+----------+
+-+--------------+------------+----------+
---------------------------------------------------------------------------------
Start Rebuilding User Hierarchy
---------------------------------------------------------------------------------
---------------------------------------------------------------------------------
Finished Rebuilding User Hierarchy : Time (s): cpu = 00:04:01 ; elapsed = 00:05:03 . Memory (MB): peak = 824.836 ; gain = 522.145
---------------------------------------------------------------------------------
---------------------------------------------------------------------------------
Start Renaming Generated Ports
---------------------------------------------------------------------------------
---------------------------------------------------------------------------------
Finished Renaming Generated Ports : Time (s): cpu = 00:04:01 ; elapsed = 00:05:03 . Memory (MB): peak = 824.836 ; gain = 522.145
---------------------------------------------------------------------------------
---------------------------------------------------------------------------------
Start Handling Custom Attributes
---------------------------------------------------------------------------------
---------------------------------------------------------------------------------
Finished Handling Custom Attributes : Time (s): cpu = 00:04:01 ; elapsed = 00:05:03 . Memory (MB): peak = 824.836 ; gain = 522.145
---------------------------------------------------------------------------------
---------------------------------------------------------------------------------
Start Renaming Generated Nets
---------------------------------------------------------------------------------
---------------------------------------------------------------------------------
Finished Renaming Generated Nets : Time (s): cpu = 00:04:01 ; elapsed = 00:05:03 . Memory (MB): peak = 824.836 ; gain = 522.145
---------------------------------------------------------------------------------
---------------------------------------------------------------------------------
Start Writing Synthesis Report
---------------------------------------------------------------------------------

Report BlackBoxes: 
+-+--------------+----------+
| |BlackBox name |Instances |
+-+--------------+----------+
+-+--------------+----------+

Report Cell Usage: 
+------+------+------+
|      |Cell  |Count |
+------+------+------+
|1     |LUT1  |     4|
|2     |LUT2  |    19|
|3     |LUT3  |   359|
|4     |LUT4  |    53|
|5     |LUT5  |    58|
|6     |LUT6  |   282|
|7     |MUXF7 |    56|
|8     |MUXF8 |     4|
|9     |FDRE  |  1259|
+------+------+------+

Report Instance Areas: 
+------+----------------------------------------+---------------------------------------------+------+
|      |Instance                                |Module                                       |Cells |
+------+----------------------------------------+---------------------------------------------+------+
|1     |top                                     |                                             |  2094|
|2     |  inst                                  |vio_v3_0_18_vio                              |  2094|
|3     |    U_XSDB_SLAVE                        |xsdbs_v1_0_2_xsdbs                           |   248|
|4     |    DECODER_INST                        |vio_v3_0_18_decoder                          |   118|
|5     |    PROBE_IN_INST                       |vio_v3_0_18_probe_in_one                     |  1089|
|6     |    PROBE_IN_WIDTH_INST                 |vio_v3_0_18_probe_width                      |    13|
|7     |    PROBE_OUT_ALL_INST                  |vio_v3_0_18_probe_out_all                    |   597|
|8     |      \G_PROBE_OUT[0].PROBE_OUT0_INST   |vio_v3_0_18_probe_out_one                    |   169|
|9     |      \G_PROBE_OUT[10].PROBE_OUT0_INST  |vio_v3_0_18_probe_out_one__parameterized0    |     3|
|10    |      \G_PROBE_OUT[11].PROBE_OUT0_INST  |vio_v3_0_18_probe_out_one__parameterized0_1  |     3|
|11    |      \G_PROBE_OUT[12].PROBE_OUT0_INST  |vio_v3_0_18_probe_out_one__parameterized0_2  |     3|
|12    |      \G_PROBE_OUT[13].PROBE_OUT0_INST  |vio_v3_0_18_probe_out_one__parameterized0_3  |     3|
|13    |      \G_PROBE_OUT[14].PROBE_OUT0_INST  |vio_v3_0_18_probe_out_one__parameterized0_4  |     3|
|14    |      \G_PROBE_OUT[15].PROBE_OUT0_INST  |vio_v3_0_18_probe_out_one__parameterized0_5  |     3|
|15    |      \G_PROBE_OUT[16].PROBE_OUT0_INST  |vio_v3_0_18_probe_out_one__parameterized0_6  |     3|
|16    |      \G_PROBE_OUT[17].PROBE_OUT0_INST  |vio_v3_0_18_probe_out_one__parameterized0_7  |     3|
|17    |      \G_PROBE_OUT[18].PROBE_OUT0_INST  |vio_v3_0_18_probe_out_one__parameterized0_8  |     3|
|18    |      \G_PROBE_OUT[19].PROBE_OUT0_INST  |vio_v3_0_18_probe_out_one__parameterized0_9  |     3|
|19    |      \G_PROBE_OUT[1].PROBE_OUT0_INST   |vio_v3_0_18_probe_out_one__parameterized0_10 |     3|
|20    |      \G_PROBE_OUT[20].PROBE_OUT0_INST  |vio_v3_0_18_probe_out_one__parameterized0_11 |     3|
|21    |      \G_PROBE_OUT[21].PROBE_OUT0_INST  |vio_v3_0_18_probe_out_one__parameterized0_12 |     3|
|22    |      \G_PROBE_OUT[22].PROBE_OUT0_INST  |vio_v3_0_18_probe_out_one__parameterized0_13 |     3|
|23    |      \G_PROBE_OUT[23].PROBE_OUT0_INST  |vio_v3_0_18_probe_out_one__parameterized0_14 |     3|
|24    |      \G_PROBE_OUT[24].PROBE_OUT0_INST  |vio_v3_0_18_probe_out_one__parameterized0_15 |     3|
|25    |      \G_PROBE_OUT[25].PROBE_OUT0_INST  |vio_v3_0_18_probe_out_one__parameterized0_16 |     3|
|26    |      \G_PROBE_OUT[26].PROBE_OUT0_INST  |vio_v3_0_18_probe_out_one__parameterized0_17 |     3|
|27    |      \G_PROBE_OUT[27].PROBE_OUT0_INST  |vio_v3_0_18_probe_out_one__parameterized0_18 |     3|
|28    |      \G_PROBE_OUT[28].PROBE_OUT0_INST  |vio_v3_0_18_probe_out_one__parameterized0_19 |     3|
|29    |      \G_PROBE_OUT[29].PROBE_OUT0_INST  |vio_v3_0_18_probe_out_one__parameterized0_20 |     3|
|30    |      \G_PROBE_OUT[2].PROBE_OUT0_INST   |vio_v3_0_18_probe_out_one__parameterized0_21 |     3|
|31    |      \G_PROBE_OUT[30].PROBE_OUT0_INST  |vio_v3_0_18_probe_out_one__parameterized0_22 |     3|
|32    |      \G_PROBE_OUT[31].PROBE_OUT0_INST  |vio_v3_0_18_probe_out_one__parameterized0_23 |     3|
|33    |      \G_PROBE_OUT[32].PROBE_OUT0_INST  |vio_v3_0_18_probe_out_one__parameterized0_24 |     3|
|34    |      \G_PROBE_OUT[33].PROBE_OUT0_INST  |vio_v3_0_18_probe_out_one__parameterized0_25 |     3|
|35    |      \G_PROBE_OUT[34].PROBE_OUT0_INST  |vio_v3_0_18_probe_out_one__parameterized0_26 |     3|
|36    |      \G_PROBE_OUT[35].PROBE_OUT0_INST  |vio_v3_0_18_probe_out_one__parameterized0_27 |     3|
|37    |      \G_PROBE_OUT[36].PROBE_OUT0_INST  |vio_v3_0_18_probe_out_one__parameterized0_28 |     3|
|38    |      \G_PROBE_OUT[37].PROBE_OUT0_INST  |vio_v3_0_18_probe_out_one__parameterized0_29 |     3|
|39    |      \G_PROBE_OUT[38].PROBE_OUT0_INST  |vio_v3_0_18_probe_out_one__parameterized0_30 |     3|
|40    |      \G_PROBE_OUT[39].PROBE_OUT0_INST  |vio_v3_0_18_probe_out_one__parameterized0_31 |     3|
|41    |      \G_PROBE_OUT[3].PROBE_OUT0_INST   |vio_v3_0_18_probe_out_one__parameterized0_32 |     3|
|42    |      \G_PROBE_OUT[40].PROBE_OUT0_INST  |vio_v3_0_18_probe_out_one__parameterized0_33 |     3|
|43    |      \G_PROBE_OUT[41].PROBE_OUT0_INST  |vio_v3_0_18_probe_out_one__parameterized0_34 |     3|
|44    |      \G_PROBE_OUT[42].PROBE_OUT0_INST  |vio_v3_0_18_probe_out_one__parameterized0_35 |     3|
|45    |      \G_PROBE_OUT[43].PROBE_OUT0_INST  |vio_v3_0_18_probe_out_one__parameterized0_36 |     3|
|46    |      \G_PROBE_OUT[44].PROBE_OUT0_INST  |vio_v3_0_18_probe_out_one__parameterized0_37 |     3|
|47    |      \G_PROBE_OUT[45].PROBE_OUT0_INST  |vio_v3_0_18_probe_out_one__parameterized0_38 |     3|
|48    |      \G_PROBE_OUT[46].PROBE_OUT0_INST  |vio_v3_0_18_probe_out_one__parameterized0_39 |     3|
|49    |      \G_PROBE_OUT[47].PROBE_OUT0_INST  |vio_v3_0_18_probe_out_one__parameterized0_40 |     3|
|50    |      \G_PROBE_OUT[48].PROBE_OUT0_INST  |vio_v3_0_18_probe_out_one__parameterized0_41 |     3|
|51    |      \G_PROBE_OUT[49].PROBE_OUT0_INST  |vio_v3_0_18_probe_out_one__parameterized0_42 |     3|
|52    |      \G_PROBE_OUT[4].PROBE_OUT0_INST   |vio_v3_0_18_probe_out_one__parameterized0_43 |     3|
|53    |      \G_PROBE_OUT[50].PROBE_OUT0_INST  |vio_v3_0_18_probe_out_one__parameterized0_44 |     3|
|54    |      \G_PROBE_OUT[51].PROBE_OUT0_INST  |vio_v3_0_18_probe_out_one__parameterized0_45 |     3|
|55    |      \G_PROBE_OUT[52].PROBE_OUT0_INST  |vio_v3_0_18_probe_out_one__parameterized0_46 |     3|
|56    |      \G_PROBE_OUT[53].PROBE_OUT0_INST  |vio_v3_0_18_probe_out_one__parameterized0_47 |     3|
|57    |      \G_PROBE_OUT[54].PROBE_OUT0_INST  |vio_v3_0_18_probe_out_one__parameterized0_48 |     3|
|58    |      \G_PROBE_OUT[55].PROBE_OUT0_INST  |vio_v3_0_18_probe_out_one__parameterized0_49 |     3|
|59    |      \G_PROBE_OUT[56].PROBE_OUT0_INST  |vio_v3_0_18_probe_out_one__parameterized0_50 |     3|
|60    |      \G_PROBE_OUT[57].PROBE_OUT0_INST  |vio_v3_0_18_probe_out_one__parameterized0_51 |     3|
|61    |      \G_PROBE_OUT[58].PROBE_OUT0_INST  |vio_v3_0_18_probe_out_one__parameterized0_52 |     3|
|62    |      \G_PROBE_OUT[59].PROBE_OUT0_INST  |vio_v3_0_18_probe_out_one__parameterized0_53 |     3|
|63    |      \G_PROBE_OUT[5].PROBE_OUT0_INST   |vio_v3_0_18_probe_out_one__parameterized0_54 |     3|
|64    |      \G_PROBE_OUT[60].PROBE_OUT0_INST  |vio_v3_0_18_probe_out_one__parameterized0_55 |     3|
|65    |      \G_PROBE_OUT[61].PROBE_OUT0_INST  |vio_v3_0_18_probe_out_one__parameterized0_56 |     3|
|66    |      \G_PROBE_OUT[62].PROBE_OUT0_INST  |vio_v3_0_18_probe_out_one__parameterized0_57 |     3|
|67    |      \G_PROBE_OUT[63].PROBE_OUT0_INST  |vio_v3_0_18_probe_out_one__parameterized0_58 |     3|
|68    |      \G_PROBE_OUT[6].PROBE_OUT0_INST   |vio_v3_0_18_probe_out_one__parameterized0_59 |     3|
|69    |      \G_PROBE_OUT[7].PROBE_OUT0_INST   |vio_v3_0_18_probe_out_one__parameterized0_60 |     3|
|70    |      \G_PROBE_OUT[8].PROBE_OUT0_INST   |vio_v3_0_18_probe_out_one__parameterized0_61 |     3|
|71    |      \G_PROBE_OUT[9].PROBE_OUT0_INST   |vio_v3_0_18_probe_out_one__parameterized0_62 |     3|
|72    |    PROBE_OUT_WIDTH_INST                |vio_v3_0_18_probe_width_0                    |    13|
+------+----------------------------------------+---------------------------------------------+------+
---------------------------------------------------------------------------------
Finished Writing Synthesis Report : Time (s): cpu = 00:04:01 ; elapsed = 00:05:03 . Memory (MB): peak = 824.836 ; gain = 522.145
---------------------------------------------------------------------------------
Synthesis finished with 0 errors, 0 critical warnings and 230 warnings.
Synthesis Optimization Runtime : Time (s): cpu = 00:02:31 ; elapsed = 00:04:04 . Memory (MB): peak = 824.836 ; gain = 194.477
Synthesis Optimization Complete : Time (s): cpu = 00:04:01 ; elapsed = 00:05:04 . Memory (MB): peak = 824.836 ; gain = 522.145
INFO: [Project 1-571] Translating synthesized netlist
INFO: [Netlist 29-17] Analyzing 60 Unisim elements for replacement
INFO: [Netlist 29-28] Unisim Transformation completed in 1 CPU seconds
INFO: [Project 1-570] Preparing netlist for logic optimization
INFO: [Opt 31-138] Pushed 0 inverter(s) to 0 load pin(s).
INFO: [Project 1-111] Unisim Transformation Summary:
No Unisim elements were transformed.

INFO: [Common 17-83] Releasing license: Synthesis
354 Infos, 175 Warnings, 0 Critical Warnings and 0 Errors encountered.
synth_design completed successfully
synth_design: Time (s): cpu = 00:04:11 ; elapsed = 00:05:19 . Memory (MB): peak = 824.836 ; gain = 530.816
INFO: [Common 17-1381] The checkpoint 'C:/Proyectos/DES/DES.runs/vio_0_synth_1/vio_0.dcp' has been generated.
INFO: [Coretcl 2-1482] Added synthesis output to IP cache for IP c:/Proyectos/DES/DES.srcs/sources_1/ip/vio_0/vio_0.xci
INFO: [Coretcl 2-1174] Renamed 71 cell refs.
INFO: [Common 17-1381] The checkpoint 'C:/Proyectos/DES/DES.runs/vio_0_synth_1/vio_0.dcp' has been generated.
INFO: [runtcl-4] Executing : report_utilization -file vio_0_utilization_synth.rpt -pb vio_0_utilization_synth.pb
report_utilization: Time (s): cpu = 00:00:00 ; elapsed = 00:00:00.306 . Memory (MB): peak = 824.836 ; gain = 0.000
INFO: [Common 17-206] Exiting Vivado at Sun Apr 18 20:34:35 2021...
