Copyright 1986-2018 Xilinx, Inc. All Rights Reserved.
-----------------------------------------------------------------------------------------------------------------------------------------------
| Tool Version : Vivado v.2018.1 (win64) Build 2188600 Wed Apr  4 18:40:38 MDT 2018
| Date         : Sun Apr 18 11:31:16 2021
| Host         : SERGIOPC running 64-bit Service Pack 1  (build 7601)
| Command      : report_methodology -file des_methodology_drc_routed.rpt -pb des_methodology_drc_routed.pb -rpx des_methodology_drc_routed.rpx
| Design       : des
| Device       : xc7a35ticsg324-1L
| Speed File   : -1L
| Design State : Routed
-----------------------------------------------------------------------------------------------------------------------------------------------

Report Methodology

Table of Contents
-----------------
1. REPORT SUMMARY
2. REPORT DETAILS

1. REPORT SUMMARY
-----------------
            Netlist: netlist
          Floorplan: design_1
      Design limits: <entire design considered>
             Max violations: <unlimited>
             Violations found: 0
+------+----------+-------------+------------+
| Rule | Severity | Description | Violations |
+------+----------+-------------+------------+
+------+----------+-------------+------------+

2. REPORT DETAILS
-----------------

